Sofa-Middleware-Log SLF4J : Actual binding is of type [ com.alipay.remoting Log4j2 ]
ChunkserverStateMachine created for serverIdx 3
serverDiskPath is ./ClientClusterCommTestFiles/Disks/chunkserver-3/
originalFileName is B/C/txt.txt
fileNameWithSubDir is B/C/txt.txt.0-3
originalFileName is A/B/txt.txt
fileNameWithSubDir is A/B/txt.txt.0-3
originalFileName is A/MM/mm.txt
fileNameWithSubDir is A/MM/mm.txt.0-3
originalFileName is E/F/nice.txt
fileNameWithSubDir is E/F/nice.txt.0-3
originalFileName is E/E/E/ee.txt
fileNameWithSubDir is E/E/E/ee.txt.0-3
server 3 initialize printStoredFileNameToChunks:
server 3 storedFileNameToChunks:
storedFileNameToChunks size is 5
File: B/C/txt.txt, Chunks: [B/C/txt.txt.0-3]
File: E/F/nice.txt, Chunks: [E/F/nice.txt.0-3]
File: A/MM/mm.txt, Chunks: [A/MM/mm.txt.0-3]
File: A/B/txt.txt, Chunks: [A/B/txt.txt.0-3]
File: E/E/E/ee.txt, Chunks: [E/E/E/ee.txt.0-3]
