Sofa-Middleware-Log SLF4J : Actual binding is of type [ com.alipay.remoting Log4j2 ]
ChunkserverStateMachine created for serverIdx 4
serverDiskPath is ./ClientClusterCommTestFiles/Disks/chunkserver-4/
originalFileName is B/C/txt.txt
fileNameWithSubDir is B/C/txt.txt.0-4
originalFileName is A/B/txt.txt
fileNameWithSubDir is A/B/txt.txt.0-4
originalFileName is A/MM/mm.txt
fileNameWithSubDir is A/MM/mm.txt.0-4
originalFileName is E/F/nice.txt
fileNameWithSubDir is E/F/nice.txt.0-4
originalFileName is E/F/pp.txt
fileNameWithSubDir is E/F/pp.txt.0-4
originalFileName is E/E/E/ee.txt
fileNameWithSubDir is E/E/E/ee.txt.0-4
server 4 initialize printStoredFileNameToChunks:
server 4 storedFileNameToChunks:
storedFileNameToChunks size is 6
File: E/F/pp.txt, Chunks: [E/F/pp.txt.0-4]
File: B/C/txt.txt, Chunks: [B/C/txt.txt.0-4]
File: E/F/nice.txt, Chunks: [E/F/nice.txt.0-4]
File: A/MM/mm.txt, Chunks: [A/MM/mm.txt.0-4]
File: A/B/txt.txt, Chunks: [A/B/txt.txt.0-4]
File: E/E/E/ee.txt, Chunks: [E/E/E/ee.txt.0-4]
