Started counter server at port:8086
fileNameChunks: {E/F/pp.txt=[E/F/pp.txt.0-5], B/C/txt.txt=[B/C/txt.txt.0-5], E/F/nice.txt=[E/F/nice.txt.0-5], A/MM/mm.txt=[A/MM/mm.txt.0-5], A/B/txt.txt=[A/B/txt.txt.0-5], E/E/E/ee.txt=[E/E/E/ee.txt.0-5]}
channel: ManagedChannelOrphanWrapper{delegate=ManagedChannelImpl{logId=1, target=localhost:8080}}
stub: edu.cmu.reedsolomonfs.server.MasterServiceGrpc$MasterServiceBlockingStub@1c69671c
channel: ManagedChannelOrphanWrapper{delegate=ManagedChannelImpl{logId=1, target=localhost:8080}}
stub: edu.cmu.reedsolomonfs.server.MasterServiceGrpc$MasterServiceBlockingStub@1c69671c
channel: ManagedChannelOrphanWrapper{delegate=ManagedChannelImpl{logId=1, target=localhost:8080}}
stub: edu.cmu.reedsolomonfs.server.MasterServiceGrpc$MasterServiceBlockingStub@1c69671c
channel: ManagedChannelOrphanWrapper{delegate=ManagedChannelImpl{logId=1, target=localhost:8080}}
stub: edu.cmu.reedsolomonfs.server.MasterServiceGrpc$MasterServiceBlockingStub@1c69671c
channel: ManagedChannelOrphanWrapper{delegate=ManagedChannelImpl{logId=1, target=localhost:8080}}
stub: edu.cmu.reedsolomonfs.server.MasterServiceGrpc$MasterServiceBlockingStub@1c69671c
channel: ManagedChannelOrphanWrapper{delegate=ManagedChannelImpl{logId=1, target=localhost:8080}}
stub: edu.cmu.reedsolomonfs.server.MasterServiceGrpc$MasterServiceBlockingStub@1c69671c
channel: ManagedChannelOrphanWrapper{delegate=ManagedChannelImpl{logId=1, target=localhost:8080}}
stub: edu.cmu.reedsolomonfs.server.MasterServiceGrpc$MasterServiceBlockingStub@1c69671c
channel: ManagedChannelOrphanWrapper{delegate=ManagedChannelImpl{logId=1, target=localhost:8080}}
stub: edu.cmu.reedsolomonfs.server.MasterServiceGrpc$MasterServiceBlockingStub@1c69671c
channel: ManagedChannelOrphanWrapper{delegate=ManagedChannelImpl{logId=1, target=localhost:8080}}
stub: edu.cmu.reedsolomonfs.server.MasterServiceGrpc$MasterServiceBlockingStub@1c69671c
channel: ManagedChannelOrphanWrapper{delegate=ManagedChannelImpl{logId=1, target=localhost:8080}}
stub: edu.cmu.reedsolomonfs.server.MasterServiceGrpc$MasterServiceBlockingStub@1c69671c
channel: ManagedChannelOrphanWrapper{delegate=ManagedChannelImpl{logId=1, target=localhost:8080}}
stub: edu.cmu.reedsolomonfs.server.MasterServiceGrpc$MasterServiceBlockingStub@1c69671c
channel: ManagedChannelOrphanWrapper{delegate=ManagedChannelImpl{logId=1, target=localhost:8080}}
stub: edu.cmu.reedsolomonfs.server.MasterServiceGrpc$MasterServiceBlockingStub@1c69671c
channel: ManagedChannelOrphanWrapper{delegate=ManagedChannelImpl{logId=1, target=localhost:8080}}
stub: edu.cmu.reedsolomonfs.server.MasterServiceGrpc$MasterServiceBlockingStub@1c69671c
channel: ManagedChannelOrphanWrapper{delegate=ManagedChannelImpl{logId=1, target=localhost:8080}}
stub: edu.cmu.reedsolomonfs.server.MasterServiceGrpc$MasterServiceBlockingStub@1c69671c
Enter write byte: 
chunkFIlePath: /A/C/cc.txt.0-5
chunkFIlePath: /A/C/cc.txt.0-11
parentDirectory is ./ClientClusterCommTestFiles/Disks/chunkserver-5/A/C
server 5 updateStoredFileNameToChunks:
updateStoredFileNameToChunks with fileName /A/C/cc.txt.0-5
storedFileNameToChunks size is 7
File: E/F/pp.txt, Chunks: [E/F/pp.txt.0-5]
File: B/C/txt.txt, Chunks: [B/C/txt.txt.0-5]
File: /A/C/cc.txt, Chunks: [/A/C/cc.txt.0-5]
File: E/F/nice.txt, Chunks: [E/F/nice.txt.0-5]
File: A/MM/mm.txt, Chunks: [A/MM/mm.txt.0-5]
File: A/B/txt.txt, Chunks: [A/B/txt.txt.0-5]
File: E/E/E/ee.txt, Chunks: [E/E/E/ee.txt.0-5]
secretKey is updated in state machine kbxaDsg5SGcuHa5cR7pthf9z5T+KzDPKzqGIOC6yJj4=
channel: ManagedChannelOrphanWrapper{delegate=ManagedChannelImpl{logId=1, target=localhost:8080}}
stub: edu.cmu.reedsolomonfs.server.MasterServiceGrpc$MasterServiceBlockingStub@1c69671c
channel: ManagedChannelOrphanWrapper{delegate=ManagedChannelImpl{logId=1, target=localhost:8080}}
stub: edu.cmu.reedsolomonfs.server.MasterServiceGrpc$MasterServiceBlockingStub@1c69671c
channel: ManagedChannelOrphanWrapper{delegate=ManagedChannelImpl{logId=1, target=localhost:8080}}
stub: edu.cmu.reedsolomonfs.server.MasterServiceGrpc$MasterServiceBlockingStub@1c69671c
channel: ManagedChannelOrphanWrapper{delegate=ManagedChannelImpl{logId=1, target=localhost:8080}}
stub: edu.cmu.reedsolomonfs.server.MasterServiceGrpc$MasterServiceBlockingStub@1c69671c
channel: ManagedChannelOrphanWrapper{delegate=ManagedChannelImpl{logId=1, target=localhost:8080}}
stub: edu.cmu.reedsolomonfs.server.MasterServiceGrpc$MasterServiceBlockingStub@1c69671c
channel: ManagedChannelOrphanWrapper{delegate=ManagedChannelImpl{logId=1, target=localhost:8080}}
stub: edu.cmu.reedsolomonfs.server.MasterServiceGrpc$MasterServiceBlockingStub@1c69671c
channel: ManagedChannelOrphanWrapper{delegate=ManagedChannelImpl{logId=1, target=localhost:8080}}
stub: edu.cmu.reedsolomonfs.server.MasterServiceGrpc$MasterServiceBlockingStub@1c69671c
channel: ManagedChannelOrphanWrapper{delegate=ManagedChannelImpl{logId=1, target=localhost:8080}}
stub: edu.cmu.reedsolomonfs.server.MasterServiceGrpc$MasterServiceBlockingStub@1c69671c
Enter write byte: 
chunkFIlePath: /NI/NN/nn.txt.0-5
chunkFIlePath: /NI/NN/nn.txt.0-11
parentDirectory is ./ClientClusterCommTestFiles/Disks/chunkserver-5/NI/NN
server 5 updateStoredFileNameToChunks:
updateStoredFileNameToChunks with fileName /NI/NN/nn.txt.0-5
storedFileNameToChunks size is 8
File: E/F/pp.txt, Chunks: [E/F/pp.txt.0-5]
File: /NI/NN/nn.txt, Chunks: [/NI/NN/nn.txt.0-5]
File: B/C/txt.txt, Chunks: [B/C/txt.txt.0-5]
File: /A/C/cc.txt, Chunks: [/A/C/cc.txt.0-5]
File: E/F/nice.txt, Chunks: [E/F/nice.txt.0-5]
File: A/MM/mm.txt, Chunks: [A/MM/mm.txt.0-5]
File: A/B/txt.txt, Chunks: [A/B/txt.txt.0-5]
File: E/E/E/ee.txt, Chunks: [E/E/E/ee.txt.0-5]
secretKey is updated in state machine meNPuh/o+jt5Kzdkgd9vbOpvBrcMkwnAqKTOLu6TNfo=
channel: ManagedChannelOrphanWrapper{delegate=ManagedChannelImpl{logId=1, target=localhost:8080}}
stub: edu.cmu.reedsolomonfs.server.MasterServiceGrpc$MasterServiceBlockingStub@1c69671c
channel: ManagedChannelOrphanWrapper{delegate=ManagedChannelImpl{logId=1, target=localhost:8080}}
stub: edu.cmu.reedsolomonfs.server.MasterServiceGrpc$MasterServiceBlockingStub@1c69671c
channel: ManagedChannelOrphanWrapper{delegate=ManagedChannelImpl{logId=1, target=localhost:8080}}
stub: edu.cmu.reedsolomonfs.server.MasterServiceGrpc$MasterServiceBlockingStub@1c69671c
channel: ManagedChannelOrphanWrapper{delegate=ManagedChannelImpl{logId=1, target=localhost:8080}}
stub: edu.cmu.reedsolomonfs.server.MasterServiceGrpc$MasterServiceBlockingStub@1c69671c
channel: ManagedChannelOrphanWrapper{delegate=ManagedChannelImpl{logId=1, target=localhost:8080}}
stub: edu.cmu.reedsolomonfs.server.MasterServiceGrpc$MasterServiceBlockingStub@1c69671c
channel: ManagedChannelOrphanWrapper{delegate=ManagedChannelImpl{logId=1, target=localhost:8080}}
stub: edu.cmu.reedsolomonfs.server.MasterServiceGrpc$MasterServiceBlockingStub@1c69671c
channel: ManagedChannelOrphanWrapper{delegate=ManagedChannelImpl{logId=1, target=localhost:8080}}
stub: edu.cmu.reedsolomonfs.server.MasterServiceGrpc$MasterServiceBlockingStub@1c69671c
channel: ManagedChannelOrphanWrapper{delegate=ManagedChannelImpl{logId=1, target=localhost:8080}}
stub: edu.cmu.reedsolomonfs.server.MasterServiceGrpc$MasterServiceBlockingStub@1c69671c
channel: ManagedChannelOrphanWrapper{delegate=ManagedChannelImpl{logId=1, target=localhost:8080}}
stub: edu.cmu.reedsolomonfs.server.MasterServiceGrpc$MasterServiceBlockingStub@1c69671c
channel: ManagedChannelOrphanWrapper{delegate=ManagedChannelImpl{logId=1, target=localhost:8080}}
stub: edu.cmu.reedsolomonfs.server.MasterServiceGrpc$MasterServiceBlockingStub@1c69671c
channel: ManagedChannelOrphanWrapper{delegate=ManagedChannelImpl{logId=1, target=localhost:8080}}
stub: edu.cmu.reedsolomonfs.server.MasterServiceGrpc$MasterServiceBlockingStub@1c69671c
channel: ManagedChannelOrphanWrapper{delegate=ManagedChannelImpl{logId=1, target=localhost:8080}}
stub: edu.cmu.reedsolomonfs.server.MasterServiceGrpc$MasterServiceBlockingStub@1c69671c
channel: ManagedChannelOrphanWrapper{delegate=ManagedChannelImpl{logId=1, target=localhost:8080}}
stub: edu.cmu.reedsolomonfs.server.MasterServiceGrpc$MasterServiceBlockingStub@1c69671c
channel: ManagedChannelOrphanWrapper{delegate=ManagedChannelImpl{logId=1, target=localhost:8080}}
stub: edu.cmu.reedsolomonfs.server.MasterServiceGrpc$MasterServiceBlockingStub@1c69671c
channel: ManagedChannelOrphanWrapper{delegate=ManagedChannelImpl{logId=1, target=localhost:8080}}
stub: edu.cmu.reedsolomonfs.server.MasterServiceGrpc$MasterServiceBlockingStub@1c69671c
channel: ManagedChannelOrphanWrapper{delegate=ManagedChannelImpl{logId=1, target=localhost:8080}}
stub: edu.cmu.reedsolomonfs.server.MasterServiceGrpc$MasterServiceBlockingStub@1c69671c
channel: ManagedChannelOrphanWrapper{delegate=ManagedChannelImpl{logId=1, target=localhost:8080}}
stub: edu.cmu.reedsolomonfs.server.MasterServiceGrpc$MasterServiceBlockingStub@1c69671c
channel: ManagedChannelOrphanWrapper{delegate=ManagedChannelImpl{logId=1, target=localhost:8080}}
stub: edu.cmu.reedsolomonfs.server.MasterServiceGrpc$MasterServiceBlockingStub@1c69671c
channel: ManagedChannelOrphanWrapper{delegate=ManagedChannelImpl{logId=1, target=localhost:8080}}
stub: edu.cmu.reedsolomonfs.server.MasterServiceGrpc$MasterServiceBlockingStub@1c69671c
