Started counter server at port:8081
fileNameChunks: {A/D/Nice.txt=[A/D/Nice.txt.0-0], A/D/test.txt=[A/D/test.txt.0-0], A/E/F/OK.txt=[A/E/F/OK.txt.0-0], A/A/T/test.txt=[A/A/T/test.txt.0-0]}
channel: ManagedChannelOrphanWrapper{delegate=ManagedChannelImpl{logId=1, target=localhost:8080}}
stub: edu.cmu.reedsolomonfs.server.MasterServiceGrpc$MasterServiceBlockingStub@2e10ca6f
channel: ManagedChannelOrphanWrapper{delegate=ManagedChannelImpl{logId=1, target=localhost:8080}}
stub: edu.cmu.reedsolomonfs.server.MasterServiceGrpc$MasterServiceBlockingStub@f15d41a
channel: ManagedChannelOrphanWrapper{delegate=ManagedChannelImpl{logId=1, target=localhost:8080}}
stub: edu.cmu.reedsolomonfs.server.MasterServiceGrpc$MasterServiceBlockingStub@b0c7207
channel: ManagedChannelOrphanWrapper{delegate=ManagedChannelImpl{logId=1, target=localhost:8080}}
stub: edu.cmu.reedsolomonfs.server.MasterServiceGrpc$MasterServiceBlockingStub@8452481
channel: ManagedChannelOrphanWrapper{delegate=ManagedChannelImpl{logId=1, target=localhost:8080}}
stub: edu.cmu.reedsolomonfs.server.MasterServiceGrpc$MasterServiceBlockingStub@3e82298e
channel: ManagedChannelOrphanWrapper{delegate=ManagedChannelImpl{logId=1, target=localhost:8080}}
stub: edu.cmu.reedsolomonfs.server.MasterServiceGrpc$MasterServiceBlockingStub@26a40156
channel: ManagedChannelOrphanWrapper{delegate=ManagedChannelImpl{logId=1, target=localhost:8080}}
stub: edu.cmu.reedsolomonfs.server.MasterServiceGrpc$MasterServiceBlockingStub@59e52e12
channel: ManagedChannelOrphanWrapper{delegate=ManagedChannelImpl{logId=1, target=localhost:8080}}
stub: edu.cmu.reedsolomonfs.server.MasterServiceGrpc$MasterServiceBlockingStub@1e8a5a16
channel: ManagedChannelOrphanWrapper{delegate=ManagedChannelImpl{logId=1, target=localhost:8080}}
stub: edu.cmu.reedsolomonfs.server.MasterServiceGrpc$MasterServiceBlockingStub@589ff46e
channel: ManagedChannelOrphanWrapper{delegate=ManagedChannelImpl{logId=1, target=localhost:8080}}
stub: edu.cmu.reedsolomonfs.server.MasterServiceGrpc$MasterServiceBlockingStub@49da179e
channel: ManagedChannelOrphanWrapper{delegate=ManagedChannelImpl{logId=1, target=localhost:8080}}
stub: edu.cmu.reedsolomonfs.server.MasterServiceGrpc$MasterServiceBlockingStub@698768d5
channel: ManagedChannelOrphanWrapper{delegate=ManagedChannelImpl{logId=1, target=localhost:8080}}
stub: edu.cmu.reedsolomonfs.server.MasterServiceGrpc$MasterServiceBlockingStub@11ea4bf0
channel: ManagedChannelOrphanWrapper{delegate=ManagedChannelImpl{logId=1, target=localhost:8080}}
stub: edu.cmu.reedsolomonfs.server.MasterServiceGrpc$MasterServiceBlockingStub@66c0487d
channel: ManagedChannelOrphanWrapper{delegate=ManagedChannelImpl{logId=1, target=localhost:8080}}
stub: edu.cmu.reedsolomonfs.server.MasterServiceGrpc$MasterServiceBlockingStub@6e4d96d9
channel: ManagedChannelOrphanWrapper{delegate=ManagedChannelImpl{logId=1, target=localhost:8080}}
stub: edu.cmu.reedsolomonfs.server.MasterServiceGrpc$MasterServiceBlockingStub@323b9026
channel: ManagedChannelOrphanWrapper{delegate=ManagedChannelImpl{logId=1, target=localhost:8080}}
stub: edu.cmu.reedsolomonfs.server.MasterServiceGrpc$MasterServiceBlockingStub@15d93720
channel: ManagedChannelOrphanWrapper{delegate=ManagedChannelImpl{logId=1, target=localhost:8080}}
stub: edu.cmu.reedsolomonfs.server.MasterServiceGrpc$MasterServiceBlockingStub@3d28da25
channel: ManagedChannelOrphanWrapper{delegate=ManagedChannelImpl{logId=1, target=localhost:8080}}
stub: edu.cmu.reedsolomonfs.server.MasterServiceGrpc$MasterServiceBlockingStub@222719ae
channel: ManagedChannelOrphanWrapper{delegate=ManagedChannelImpl{logId=1, target=localhost:8080}}
stub: edu.cmu.reedsolomonfs.server.MasterServiceGrpc$MasterServiceBlockingStub@721ef01b
channel: ManagedChannelOrphanWrapper{delegate=ManagedChannelImpl{logId=1, target=localhost:8080}}
stub: edu.cmu.reedsolomonfs.server.MasterServiceGrpc$MasterServiceBlockingStub@6494bc3
channel: ManagedChannelOrphanWrapper{delegate=ManagedChannelImpl{logId=1, target=localhost:8080}}
stub: edu.cmu.reedsolomonfs.server.MasterServiceGrpc$MasterServiceBlockingStub@5d573283
channel: ManagedChannelOrphanWrapper{delegate=ManagedChannelImpl{logId=1, target=localhost:8080}}
stub: edu.cmu.reedsolomonfs.server.MasterServiceGrpc$MasterServiceBlockingStub@46794a5b
channel: ManagedChannelOrphanWrapper{delegate=ManagedChannelImpl{logId=1, target=localhost:8080}}
stub: edu.cmu.reedsolomonfs.server.MasterServiceGrpc$MasterServiceBlockingStub@4af80fb6
channel: ManagedChannelOrphanWrapper{delegate=ManagedChannelImpl{logId=1, target=localhost:8080}}
stub: edu.cmu.reedsolomonfs.server.MasterServiceGrpc$MasterServiceBlockingStub@2e26dce5
channel: ManagedChannelOrphanWrapper{delegate=ManagedChannelImpl{logId=1, target=localhost:8080}}
stub: edu.cmu.reedsolomonfs.server.MasterServiceGrpc$MasterServiceBlockingStub@7149350a
channel: ManagedChannelOrphanWrapper{delegate=ManagedChannelImpl{logId=1, target=localhost:8080}}
stub: edu.cmu.reedsolomonfs.server.MasterServiceGrpc$MasterServiceBlockingStub@3ab63b8e
channel: ManagedChannelOrphanWrapper{delegate=ManagedChannelImpl{logId=1, target=localhost:8080}}
stub: edu.cmu.reedsolomonfs.server.MasterServiceGrpc$MasterServiceBlockingStub@31f2dde9
channel: ManagedChannelOrphanWrapper{delegate=ManagedChannelImpl{logId=1, target=localhost:8080}}
stub: edu.cmu.reedsolomonfs.server.MasterServiceGrpc$MasterServiceBlockingStub@14cae5fe
channel: ManagedChannelOrphanWrapper{delegate=ManagedChannelImpl{logId=1, target=localhost:8080}}
stub: edu.cmu.reedsolomonfs.server.MasterServiceGrpc$MasterServiceBlockingStub@651cd4c7
channel: ManagedChannelOrphanWrapper{delegate=ManagedChannelImpl{logId=1, target=localhost:8080}}
stub: edu.cmu.reedsolomonfs.server.MasterServiceGrpc$MasterServiceBlockingStub@36b4bf81
channel: ManagedChannelOrphanWrapper{delegate=ManagedChannelImpl{logId=1, target=localhost:8080}}
stub: edu.cmu.reedsolomonfs.server.MasterServiceGrpc$MasterServiceBlockingStub@441ff105
channel: ManagedChannelOrphanWrapper{delegate=ManagedChannelImpl{logId=1, target=localhost:8080}}
stub: edu.cmu.reedsolomonfs.server.MasterServiceGrpc$MasterServiceBlockingStub@69301fc3
channel: ManagedChannelOrphanWrapper{delegate=ManagedChannelImpl{logId=1, target=localhost:8080}}
stub: edu.cmu.reedsolomonfs.server.MasterServiceGrpc$MasterServiceBlockingStub@6b155969
channel: ManagedChannelOrphanWrapper{delegate=ManagedChannelImpl{logId=1, target=localhost:8080}}
stub: edu.cmu.reedsolomonfs.server.MasterServiceGrpc$MasterServiceBlockingStub@421fa3e6
channel: ManagedChannelOrphanWrapper{delegate=ManagedChannelImpl{logId=1, target=localhost:8080}}
stub: edu.cmu.reedsolomonfs.server.MasterServiceGrpc$MasterServiceBlockingStub@5859c5de
channel: ManagedChannelOrphanWrapper{delegate=ManagedChannelImpl{logId=1, target=localhost:8080}}
stub: edu.cmu.reedsolomonfs.server.MasterServiceGrpc$MasterServiceBlockingStub@24a52407
channel: ManagedChannelOrphanWrapper{delegate=ManagedChannelImpl{logId=1, target=localhost:8080}}
stub: edu.cmu.reedsolomonfs.server.MasterServiceGrpc$MasterServiceBlockingStub@3663530
channel: ManagedChannelOrphanWrapper{delegate=ManagedChannelImpl{logId=1, target=localhost:8080}}
stub: edu.cmu.reedsolomonfs.server.MasterServiceGrpc$MasterServiceBlockingStub@29129d22
channel: ManagedChannelOrphanWrapper{delegate=ManagedChannelImpl{logId=1, target=localhost:8080}}
stub: edu.cmu.reedsolomonfs.server.MasterServiceGrpc$MasterServiceBlockingStub@3d2fd720
channel: ManagedChannelOrphanWrapper{delegate=ManagedChannelImpl{logId=1, target=localhost:8080}}
stub: edu.cmu.reedsolomonfs.server.MasterServiceGrpc$MasterServiceBlockingStub@4704ebec
channel: ManagedChannelOrphanWrapper{delegate=ManagedChannelImpl{logId=1, target=localhost:8080}}
stub: edu.cmu.reedsolomonfs.server.MasterServiceGrpc$MasterServiceBlockingStub@19d99f2a
channel: ManagedChannelOrphanWrapper{delegate=ManagedChannelImpl{logId=1, target=localhost:8080}}
stub: edu.cmu.reedsolomonfs.server.MasterServiceGrpc$MasterServiceBlockingStub@1965a497
channel: ManagedChannelOrphanWrapper{delegate=ManagedChannelImpl{logId=1, target=localhost:8080}}
stub: edu.cmu.reedsolomonfs.server.MasterServiceGrpc$MasterServiceBlockingStub@38b65cd5
channel: ManagedChannelOrphanWrapper{delegate=ManagedChannelImpl{logId=1, target=localhost:8080}}
stub: edu.cmu.reedsolomonfs.server.MasterServiceGrpc$MasterServiceBlockingStub@34316127
channel: ManagedChannelOrphanWrapper{delegate=ManagedChannelImpl{logId=1, target=localhost:8080}}
stub: edu.cmu.reedsolomonfs.server.MasterServiceGrpc$MasterServiceBlockingStub@17058d69
channel: ManagedChannelOrphanWrapper{delegate=ManagedChannelImpl{logId=1, target=localhost:8080}}
stub: edu.cmu.reedsolomonfs.server.MasterServiceGrpc$MasterServiceBlockingStub@15dc298e
channel: ManagedChannelOrphanWrapper{delegate=ManagedChannelImpl{logId=1, target=localhost:8080}}
stub: edu.cmu.reedsolomonfs.server.MasterServiceGrpc$MasterServiceBlockingStub@77cda38a
channel: ManagedChannelOrphanWrapper{delegate=ManagedChannelImpl{logId=1, target=localhost:8080}}
stub: edu.cmu.reedsolomonfs.server.MasterServiceGrpc$MasterServiceBlockingStub@693a37af
channel: ManagedChannelOrphanWrapper{delegate=ManagedChannelImpl{logId=1, target=localhost:8080}}
stub: edu.cmu.reedsolomonfs.server.MasterServiceGrpc$MasterServiceBlockingStub@6b2ba638
channel: ManagedChannelOrphanWrapper{delegate=ManagedChannelImpl{logId=1, target=localhost:8080}}
stub: edu.cmu.reedsolomonfs.server.MasterServiceGrpc$MasterServiceBlockingStub@390e3afc
channel: ManagedChannelOrphanWrapper{delegate=ManagedChannelImpl{logId=1, target=localhost:8080}}
stub: edu.cmu.reedsolomonfs.server.MasterServiceGrpc$MasterServiceBlockingStub@1999463b
channel: ManagedChannelOrphanWrapper{delegate=ManagedChannelImpl{logId=1, target=localhost:8080}}
stub: edu.cmu.reedsolomonfs.server.MasterServiceGrpc$MasterServiceBlockingStub@6dd3b159
channel: ManagedChannelOrphanWrapper{delegate=ManagedChannelImpl{logId=1, target=localhost:8080}}
stub: edu.cmu.reedsolomonfs.server.MasterServiceGrpc$MasterServiceBlockingStub@38f2716d
channel: ManagedChannelOrphanWrapper{delegate=ManagedChannelImpl{logId=1, target=localhost:8080}}
stub: edu.cmu.reedsolomonfs.server.MasterServiceGrpc$MasterServiceBlockingStub@bf445be
channel: ManagedChannelOrphanWrapper{delegate=ManagedChannelImpl{logId=1, target=localhost:8080}}
stub: edu.cmu.reedsolomonfs.server.MasterServiceGrpc$MasterServiceBlockingStub@581118fd
channel: ManagedChannelOrphanWrapper{delegate=ManagedChannelImpl{logId=1, target=localhost:8080}}
stub: edu.cmu.reedsolomonfs.server.MasterServiceGrpc$MasterServiceBlockingStub@3e497124
channel: ManagedChannelOrphanWrapper{delegate=ManagedChannelImpl{logId=1, target=localhost:8080}}
stub: edu.cmu.reedsolomonfs.server.MasterServiceGrpc$MasterServiceBlockingStub@6b107cc9
channel: ManagedChannelOrphanWrapper{delegate=ManagedChannelImpl{logId=1, target=localhost:8080}}
stub: edu.cmu.reedsolomonfs.server.MasterServiceGrpc$MasterServiceBlockingStub@46febdeb
channel: ManagedChannelOrphanWrapper{delegate=ManagedChannelImpl{logId=1, target=localhost:8080}}
stub: edu.cmu.reedsolomonfs.server.MasterServiceGrpc$MasterServiceBlockingStub@5a93dda4
channel: ManagedChannelOrphanWrapper{delegate=ManagedChannelImpl{logId=1, target=localhost:8080}}
stub: edu.cmu.reedsolomonfs.server.MasterServiceGrpc$MasterServiceBlockingStub@49b323e2
channel: ManagedChannelOrphanWrapper{delegate=ManagedChannelImpl{logId=1, target=localhost:8080}}
stub: edu.cmu.reedsolomonfs.server.MasterServiceGrpc$MasterServiceBlockingStub@3b2a5ca9
channel: ManagedChannelOrphanWrapper{delegate=ManagedChannelImpl{logId=1, target=localhost:8080}}
stub: edu.cmu.reedsolomonfs.server.MasterServiceGrpc$MasterServiceBlockingStub@3debbaab
channel: ManagedChannelOrphanWrapper{delegate=ManagedChannelImpl{logId=1, target=localhost:8080}}
stub: edu.cmu.reedsolomonfs.server.MasterServiceGrpc$MasterServiceBlockingStub@3c691801
channel: ManagedChannelOrphanWrapper{delegate=ManagedChannelImpl{logId=1, target=localhost:8080}}
stub: edu.cmu.reedsolomonfs.server.MasterServiceGrpc$MasterServiceBlockingStub@5f1a7a85
channel: ManagedChannelOrphanWrapper{delegate=ManagedChannelImpl{logId=1, target=localhost:8080}}
stub: edu.cmu.reedsolomonfs.server.MasterServiceGrpc$MasterServiceBlockingStub@2eed3ee8
channel: ManagedChannelOrphanWrapper{delegate=ManagedChannelImpl{logId=1, target=localhost:8080}}
stub: edu.cmu.reedsolomonfs.server.MasterServiceGrpc$MasterServiceBlockingStub@1ee2b361
channel: ManagedChannelOrphanWrapper{delegate=ManagedChannelImpl{logId=1, target=localhost:8080}}
stub: edu.cmu.reedsolomonfs.server.MasterServiceGrpc$MasterServiceBlockingStub@47323c70
channel: ManagedChannelOrphanWrapper{delegate=ManagedChannelImpl{logId=1, target=localhost:8080}}
stub: edu.cmu.reedsolomonfs.server.MasterServiceGrpc$MasterServiceBlockingStub@6acaf2e5
channel: ManagedChannelOrphanWrapper{delegate=ManagedChannelImpl{logId=1, target=localhost:8080}}
stub: edu.cmu.reedsolomonfs.server.MasterServiceGrpc$MasterServiceBlockingStub@5342185b
channel: ManagedChannelOrphanWrapper{delegate=ManagedChannelImpl{logId=1, target=localhost:8080}}
stub: edu.cmu.reedsolomonfs.server.MasterServiceGrpc$MasterServiceBlockingStub@29461a6e
channel: ManagedChannelOrphanWrapper{delegate=ManagedChannelImpl{logId=1, target=localhost:8080}}
stub: edu.cmu.reedsolomonfs.server.MasterServiceGrpc$MasterServiceBlockingStub@4f9b31c1
channel: ManagedChannelOrphanWrapper{delegate=ManagedChannelImpl{logId=1, target=localhost:8080}}
stub: edu.cmu.reedsolomonfs.server.MasterServiceGrpc$MasterServiceBlockingStub@220867b3
channel: ManagedChannelOrphanWrapper{delegate=ManagedChannelImpl{logId=1, target=localhost:8080}}
stub: edu.cmu.reedsolomonfs.server.MasterServiceGrpc$MasterServiceBlockingStub@6d8a837e
channel: ManagedChannelOrphanWrapper{delegate=ManagedChannelImpl{logId=1, target=localhost:8080}}
stub: edu.cmu.reedsolomonfs.server.MasterServiceGrpc$MasterServiceBlockingStub@52383ecf
channel: ManagedChannelOrphanWrapper{delegate=ManagedChannelImpl{logId=1, target=localhost:8080}}
stub: edu.cmu.reedsolomonfs.server.MasterServiceGrpc$MasterServiceBlockingStub@6ae02556
channel: ManagedChannelOrphanWrapper{delegate=ManagedChannelImpl{logId=1, target=localhost:8080}}
stub: edu.cmu.reedsolomonfs.server.MasterServiceGrpc$MasterServiceBlockingStub@26bb37c4
channel: ManagedChannelOrphanWrapper{delegate=ManagedChannelImpl{logId=1, target=localhost:8080}}
stub: edu.cmu.reedsolomonfs.server.MasterServiceGrpc$MasterServiceBlockingStub@6ade283c
channel: ManagedChannelOrphanWrapper{delegate=ManagedChannelImpl{logId=1, target=localhost:8080}}
stub: edu.cmu.reedsolomonfs.server.MasterServiceGrpc$MasterServiceBlockingStub@69b19528
channel: ManagedChannelOrphanWrapper{delegate=ManagedChannelImpl{logId=1, target=localhost:8080}}
stub: edu.cmu.reedsolomonfs.server.MasterServiceGrpc$MasterServiceBlockingStub@78c97db5
channel: ManagedChannelOrphanWrapper{delegate=ManagedChannelImpl{logId=1, target=localhost:8080}}
stub: edu.cmu.reedsolomonfs.server.MasterServiceGrpc$MasterServiceBlockingStub@45c2228e
channel: ManagedChannelOrphanWrapper{delegate=ManagedChannelImpl{logId=1, target=localhost:8080}}
stub: edu.cmu.reedsolomonfs.server.MasterServiceGrpc$MasterServiceBlockingStub@189bb245
channel: ManagedChannelOrphanWrapper{delegate=ManagedChannelImpl{logId=1, target=localhost:8080}}
stub: edu.cmu.reedsolomonfs.server.MasterServiceGrpc$MasterServiceBlockingStub@43ddf22b
channel: ManagedChannelOrphanWrapper{delegate=ManagedChannelImpl{logId=1, target=localhost:8080}}
stub: edu.cmu.reedsolomonfs.server.MasterServiceGrpc$MasterServiceBlockingStub@614cce8a
channel: ManagedChannelOrphanWrapper{delegate=ManagedChannelImpl{logId=1, target=localhost:8080}}
stub: edu.cmu.reedsolomonfs.server.MasterServiceGrpc$MasterServiceBlockingStub@4a1a3c8d
channel: ManagedChannelOrphanWrapper{delegate=ManagedChannelImpl{logId=1, target=localhost:8080}}
stub: edu.cmu.reedsolomonfs.server.MasterServiceGrpc$MasterServiceBlockingStub@42537278
channel: ManagedChannelOrphanWrapper{delegate=ManagedChannelImpl{logId=1, target=localhost:8080}}
stub: edu.cmu.reedsolomonfs.server.MasterServiceGrpc$MasterServiceBlockingStub@78334842
channel: ManagedChannelOrphanWrapper{delegate=ManagedChannelImpl{logId=1, target=localhost:8080}}
stub: edu.cmu.reedsolomonfs.server.MasterServiceGrpc$MasterServiceBlockingStub@175b74c1
channel: ManagedChannelOrphanWrapper{delegate=ManagedChannelImpl{logId=1, target=localhost:8080}}
stub: edu.cmu.reedsolomonfs.server.MasterServiceGrpc$MasterServiceBlockingStub@6f66f8f5
channel: ManagedChannelOrphanWrapper{delegate=ManagedChannelImpl{logId=1, target=localhost:8080}}
stub: edu.cmu.reedsolomonfs.server.MasterServiceGrpc$MasterServiceBlockingStub@658ca26b
channel: ManagedChannelOrphanWrapper{delegate=ManagedChannelImpl{logId=1, target=localhost:8080}}
stub: edu.cmu.reedsolomonfs.server.MasterServiceGrpc$MasterServiceBlockingStub@39234cb5
channel: ManagedChannelOrphanWrapper{delegate=ManagedChannelImpl{logId=1, target=localhost:8080}}
stub: edu.cmu.reedsolomonfs.server.MasterServiceGrpc$MasterServiceBlockingStub@74111dfc
channel: ManagedChannelOrphanWrapper{delegate=ManagedChannelImpl{logId=1, target=localhost:8080}}
stub: edu.cmu.reedsolomonfs.server.MasterServiceGrpc$MasterServiceBlockingStub@dc08204
channel: ManagedChannelOrphanWrapper{delegate=ManagedChannelImpl{logId=1, target=localhost:8080}}
stub: edu.cmu.reedsolomonfs.server.MasterServiceGrpc$MasterServiceBlockingStub@eef34d4
channel: ManagedChannelOrphanWrapper{delegate=ManagedChannelImpl{logId=1, target=localhost:8080}}
stub: edu.cmu.reedsolomonfs.server.MasterServiceGrpc$MasterServiceBlockingStub@860488f
channel: ManagedChannelOrphanWrapper{delegate=ManagedChannelImpl{logId=1, target=localhost:8080}}
stub: edu.cmu.reedsolomonfs.server.MasterServiceGrpc$MasterServiceBlockingStub@ff57e60
channel: ManagedChannelOrphanWrapper{delegate=ManagedChannelImpl{logId=1, target=localhost:8080}}
stub: edu.cmu.reedsolomonfs.server.MasterServiceGrpc$MasterServiceBlockingStub@457efc47
channel: ManagedChannelOrphanWrapper{delegate=ManagedChannelImpl{logId=1, target=localhost:8080}}
stub: edu.cmu.reedsolomonfs.server.MasterServiceGrpc$MasterServiceBlockingStub@7118170d
channel: ManagedChannelOrphanWrapper{delegate=ManagedChannelImpl{logId=1, target=localhost:8080}}
stub: edu.cmu.reedsolomonfs.server.MasterServiceGrpc$MasterServiceBlockingStub@7ab84346
channel: ManagedChannelOrphanWrapper{delegate=ManagedChannelImpl{logId=1, target=localhost:8080}}
stub: edu.cmu.reedsolomonfs.server.MasterServiceGrpc$MasterServiceBlockingStub@3a1ba109
channel: ManagedChannelOrphanWrapper{delegate=ManagedChannelImpl{logId=1, target=localhost:8080}}
stub: edu.cmu.reedsolomonfs.server.MasterServiceGrpc$MasterServiceBlockingStub@233561eb
channel: ManagedChannelOrphanWrapper{delegate=ManagedChannelImpl{logId=1, target=localhost:8080}}
stub: edu.cmu.reedsolomonfs.server.MasterServiceGrpc$MasterServiceBlockingStub@6e138f0a
channel: ManagedChannelOrphanWrapper{delegate=ManagedChannelImpl{logId=1, target=localhost:8080}}
stub: edu.cmu.reedsolomonfs.server.MasterServiceGrpc$MasterServiceBlockingStub@726d3d81
channel: ManagedChannelOrphanWrapper{delegate=ManagedChannelImpl{logId=1, target=localhost:8080}}
stub: edu.cmu.reedsolomonfs.server.MasterServiceGrpc$MasterServiceBlockingStub@5ed2d3ae
channel: ManagedChannelOrphanWrapper{delegate=ManagedChannelImpl{logId=1, target=localhost:8080}}
stub: edu.cmu.reedsolomonfs.server.MasterServiceGrpc$MasterServiceBlockingStub@343829d8
channel: ManagedChannelOrphanWrapper{delegate=ManagedChannelImpl{logId=1, target=localhost:8080}}
stub: edu.cmu.reedsolomonfs.server.MasterServiceGrpc$MasterServiceBlockingStub@1c68970b
channel: ManagedChannelOrphanWrapper{delegate=ManagedChannelImpl{logId=1, target=localhost:8080}}
stub: edu.cmu.reedsolomonfs.server.MasterServiceGrpc$MasterServiceBlockingStub@2d6e5f5d
channel: ManagedChannelOrphanWrapper{delegate=ManagedChannelImpl{logId=1, target=localhost:8080}}
stub: edu.cmu.reedsolomonfs.server.MasterServiceGrpc$MasterServiceBlockingStub@4ca136a3
channel: ManagedChannelOrphanWrapper{delegate=ManagedChannelImpl{logId=1, target=localhost:8080}}
stub: edu.cmu.reedsolomonfs.server.MasterServiceGrpc$MasterServiceBlockingStub@1ab9054f
channel: ManagedChannelOrphanWrapper{delegate=ManagedChannelImpl{logId=1, target=localhost:8080}}
stub: edu.cmu.reedsolomonfs.server.MasterServiceGrpc$MasterServiceBlockingStub@5da7a118
channel: ManagedChannelOrphanWrapper{delegate=ManagedChannelImpl{logId=1, target=localhost:8080}}
stub: edu.cmu.reedsolomonfs.server.MasterServiceGrpc$MasterServiceBlockingStub@330b55db
channel: ManagedChannelOrphanWrapper{delegate=ManagedChannelImpl{logId=1, target=localhost:8080}}
stub: edu.cmu.reedsolomonfs.server.MasterServiceGrpc$MasterServiceBlockingStub@591326e0
channel: ManagedChannelOrphanWrapper{delegate=ManagedChannelImpl{logId=1, target=localhost:8080}}
stub: edu.cmu.reedsolomonfs.server.MasterServiceGrpc$MasterServiceBlockingStub@72807a51
channel: ManagedChannelOrphanWrapper{delegate=ManagedChannelImpl{logId=1, target=localhost:8080}}
stub: edu.cmu.reedsolomonfs.server.MasterServiceGrpc$MasterServiceBlockingStub@28e9b9cc
channel: ManagedChannelOrphanWrapper{delegate=ManagedChannelImpl{logId=1, target=localhost:8080}}
stub: edu.cmu.reedsolomonfs.server.MasterServiceGrpc$MasterServiceBlockingStub@4be00e9f
channel: ManagedChannelOrphanWrapper{delegate=ManagedChannelImpl{logId=1, target=localhost:8080}}
stub: edu.cmu.reedsolomonfs.server.MasterServiceGrpc$MasterServiceBlockingStub@23d11175
channel: ManagedChannelOrphanWrapper{delegate=ManagedChannelImpl{logId=1, target=localhost:8080}}
stub: edu.cmu.reedsolomonfs.server.MasterServiceGrpc$MasterServiceBlockingStub@60a7a106
channel: ManagedChannelOrphanWrapper{delegate=ManagedChannelImpl{logId=1, target=localhost:8080}}
stub: edu.cmu.reedsolomonfs.server.MasterServiceGrpc$MasterServiceBlockingStub@57531d4c
channel: ManagedChannelOrphanWrapper{delegate=ManagedChannelImpl{logId=1, target=localhost:8080}}
stub: edu.cmu.reedsolomonfs.server.MasterServiceGrpc$MasterServiceBlockingStub@62bdf162
channel: ManagedChannelOrphanWrapper{delegate=ManagedChannelImpl{logId=1, target=localhost:8080}}
stub: edu.cmu.reedsolomonfs.server.MasterServiceGrpc$MasterServiceBlockingStub@18de2662
channel: ManagedChannelOrphanWrapper{delegate=ManagedChannelImpl{logId=1, target=localhost:8080}}
stub: edu.cmu.reedsolomonfs.server.MasterServiceGrpc$MasterServiceBlockingStub@48b272d9
channel: ManagedChannelOrphanWrapper{delegate=ManagedChannelImpl{logId=1, target=localhost:8080}}
stub: edu.cmu.reedsolomonfs.server.MasterServiceGrpc$MasterServiceBlockingStub@69cc9573
channel: ManagedChannelOrphanWrapper{delegate=ManagedChannelImpl{logId=1, target=localhost:8080}}
stub: edu.cmu.reedsolomonfs.server.MasterServiceGrpc$MasterServiceBlockingStub@4a24cf77
channel: ManagedChannelOrphanWrapper{delegate=ManagedChannelImpl{logId=1, target=localhost:8080}}
stub: edu.cmu.reedsolomonfs.server.MasterServiceGrpc$MasterServiceBlockingStub@652f0e59
channel: ManagedChannelOrphanWrapper{delegate=ManagedChannelImpl{logId=1, target=localhost:8080}}
stub: edu.cmu.reedsolomonfs.server.MasterServiceGrpc$MasterServiceBlockingStub@65fc9485
channel: ManagedChannelOrphanWrapper{delegate=ManagedChannelImpl{logId=1, target=localhost:8080}}
stub: edu.cmu.reedsolomonfs.server.MasterServiceGrpc$MasterServiceBlockingStub@3d2ae4a2
channel: ManagedChannelOrphanWrapper{delegate=ManagedChannelImpl{logId=1, target=localhost:8080}}
stub: edu.cmu.reedsolomonfs.server.MasterServiceGrpc$MasterServiceBlockingStub@48d5c08e
channel: ManagedChannelOrphanWrapper{delegate=ManagedChannelImpl{logId=1, target=localhost:8080}}
stub: edu.cmu.reedsolomonfs.server.MasterServiceGrpc$MasterServiceBlockingStub@72b17ad2
channel: ManagedChannelOrphanWrapper{delegate=ManagedChannelImpl{logId=1, target=localhost:8080}}
stub: edu.cmu.reedsolomonfs.server.MasterServiceGrpc$MasterServiceBlockingStub@4575e204
channel: ManagedChannelOrphanWrapper{delegate=ManagedChannelImpl{logId=1, target=localhost:8080}}
stub: edu.cmu.reedsolomonfs.server.MasterServiceGrpc$MasterServiceBlockingStub@33d25365
channel: ManagedChannelOrphanWrapper{delegate=ManagedChannelImpl{logId=1, target=localhost:8080}}
stub: edu.cmu.reedsolomonfs.server.MasterServiceGrpc$MasterServiceBlockingStub@64247a4
channel: ManagedChannelOrphanWrapper{delegate=ManagedChannelImpl{logId=1, target=localhost:8080}}
stub: edu.cmu.reedsolomonfs.server.MasterServiceGrpc$MasterServiceBlockingStub@45a24228
channel: ManagedChannelOrphanWrapper{delegate=ManagedChannelImpl{logId=1, target=localhost:8080}}
stub: edu.cmu.reedsolomonfs.server.MasterServiceGrpc$MasterServiceBlockingStub@c414c02
channel: ManagedChannelOrphanWrapper{delegate=ManagedChannelImpl{logId=1, target=localhost:8080}}
stub: edu.cmu.reedsolomonfs.server.MasterServiceGrpc$MasterServiceBlockingStub@7ee1f8
Enter write byte: 
chunkFIlePath: /A/test1.txt.0-0
chunkFIlePath: /A/test1.txt.0-6
parentDirectory is ./ClientClusterCommTestFiles/Disks/chunkserver-0/A
server 0 updateStoredFileNameToChunks:
updateStoredFileNameToChunks with fileName /A/test1.txt.0-0
storedFileNameToChunks size is 5
File: A/D/Nice.txt, Chunks: [A/D/Nice.txt.0-0]
File: A/D/test.txt, Chunks: [A/D/test.txt.0-0]
File: A/E/F/OK.txt, Chunks: [A/E/F/OK.txt.0-0]
File: /A/test1.txt, Chunks: [/A/test1.txt.0-0]
File: A/A/T/test.txt, Chunks: [A/A/T/test.txt.0-0]
channel: ManagedChannelOrphanWrapper{delegate=ManagedChannelImpl{logId=1, target=localhost:8080}}
stub: edu.cmu.reedsolomonfs.server.MasterServiceGrpc$MasterServiceBlockingStub@1ad1f45c
channel: ManagedChannelOrphanWrapper{delegate=ManagedChannelImpl{logId=1, target=localhost:8080}}
stub: edu.cmu.reedsolomonfs.server.MasterServiceGrpc$MasterServiceBlockingStub@3c566a02
channel: ManagedChannelOrphanWrapper{delegate=ManagedChannelImpl{logId=1, target=localhost:8080}}
stub: edu.cmu.reedsolomonfs.server.MasterServiceGrpc$MasterServiceBlockingStub@501115dd
channel: ManagedChannelOrphanWrapper{delegate=ManagedChannelImpl{logId=1, target=localhost:8080}}
stub: edu.cmu.reedsolomonfs.server.MasterServiceGrpc$MasterServiceBlockingStub@4625c1bb
channel: ManagedChannelOrphanWrapper{delegate=ManagedChannelImpl{logId=1, target=localhost:8080}}
stub: edu.cmu.reedsolomonfs.server.MasterServiceGrpc$MasterServiceBlockingStub@20a27974
filePath is /A/test1.txt
File: A/D/Nice.txt, Chunks: [A/D/Nice.txt.0-0]
File: A/D/test.txt, Chunks: [A/D/test.txt.0-0]
File: A/E/F/OK.txt, Chunks: [A/E/F/OK.txt.0-0]
File: /A/test1.txt, Chunks: [/A/test1.txt.0-0]
File: A/A/T/test.txt, Chunks: [A/A/T/test.txt.0-0]
reach delete file 209
To delete ./ClientClusterCommTestFiles/Disks/chunkserver-0//A/test1.txt.0-0
deleteFromServerDisk line 227
channel: ManagedChannelOrphanWrapper{delegate=ManagedChannelImpl{logId=1, target=localhost:8080}}
stub: edu.cmu.reedsolomonfs.server.MasterServiceGrpc$MasterServiceBlockingStub@2cb28664
channel: ManagedChannelOrphanWrapper{delegate=ManagedChannelImpl{logId=1, target=localhost:8080}}
stub: edu.cmu.reedsolomonfs.server.MasterServiceGrpc$MasterServiceBlockingStub@643af4d2
channel: ManagedChannelOrphanWrapper{delegate=ManagedChannelImpl{logId=1, target=localhost:8080}}
stub: edu.cmu.reedsolomonfs.server.MasterServiceGrpc$MasterServiceBlockingStub@317c89da
channel: ManagedChannelOrphanWrapper{delegate=ManagedChannelImpl{logId=1, target=localhost:8080}}
stub: edu.cmu.reedsolomonfs.server.MasterServiceGrpc$MasterServiceBlockingStub@3dd05182
channel: ManagedChannelOrphanWrapper{delegate=ManagedChannelImpl{logId=1, target=localhost:8080}}
stub: edu.cmu.reedsolomonfs.server.MasterServiceGrpc$MasterServiceBlockingStub@46618e77
channel: ManagedChannelOrphanWrapper{delegate=ManagedChannelImpl{logId=1, target=localhost:8080}}
stub: edu.cmu.reedsolomonfs.server.MasterServiceGrpc$MasterServiceBlockingStub@2e6e4b6f
channel: ManagedChannelOrphanWrapper{delegate=ManagedChannelImpl{logId=1, target=localhost:8080}}
stub: edu.cmu.reedsolomonfs.server.MasterServiceGrpc$MasterServiceBlockingStub@759612a1
channel: ManagedChannelOrphanWrapper{delegate=ManagedChannelImpl{logId=1, target=localhost:8080}}
stub: edu.cmu.reedsolomonfs.server.MasterServiceGrpc$MasterServiceBlockingStub@4abbcdee
channel: ManagedChannelOrphanWrapper{delegate=ManagedChannelImpl{logId=1, target=localhost:8080}}
stub: edu.cmu.reedsolomonfs.server.MasterServiceGrpc$MasterServiceBlockingStub@6143a8e8
channel: ManagedChannelOrphanWrapper{delegate=ManagedChannelImpl{logId=1, target=localhost:8080}}
stub: edu.cmu.reedsolomonfs.server.MasterServiceGrpc$MasterServiceBlockingStub@463a0531
channel: ManagedChannelOrphanWrapper{delegate=ManagedChannelImpl{logId=1, target=localhost:8080}}
stub: edu.cmu.reedsolomonfs.server.MasterServiceGrpc$MasterServiceBlockingStub@7dc29557
channel: ManagedChannelOrphanWrapper{delegate=ManagedChannelImpl{logId=1, target=localhost:8080}}
stub: edu.cmu.reedsolomonfs.server.MasterServiceGrpc$MasterServiceBlockingStub@2561a4bc
channel: ManagedChannelOrphanWrapper{delegate=ManagedChannelImpl{logId=1, target=localhost:8080}}
stub: edu.cmu.reedsolomonfs.server.MasterServiceGrpc$MasterServiceBlockingStub@6123f8aa
channel: ManagedChannelOrphanWrapper{delegate=ManagedChannelImpl{logId=1, target=localhost:8080}}
stub: edu.cmu.reedsolomonfs.server.MasterServiceGrpc$MasterServiceBlockingStub@2d1fb1ad
channel: ManagedChannelOrphanWrapper{delegate=ManagedChannelImpl{logId=1, target=localhost:8080}}
stub: edu.cmu.reedsolomonfs.server.MasterServiceGrpc$MasterServiceBlockingStub@1bf014f6
channel: ManagedChannelOrphanWrapper{delegate=ManagedChannelImpl{logId=1, target=localhost:8080}}
stub: edu.cmu.reedsolomonfs.server.MasterServiceGrpc$MasterServiceBlockingStub@28993b8b
channel: ManagedChannelOrphanWrapper{delegate=ManagedChannelImpl{logId=1, target=localhost:8080}}
stub: edu.cmu.reedsolomonfs.server.MasterServiceGrpc$MasterServiceBlockingStub@5ff0e5f
channel: ManagedChannelOrphanWrapper{delegate=ManagedChannelImpl{logId=1, target=localhost:8080}}
stub: edu.cmu.reedsolomonfs.server.MasterServiceGrpc$MasterServiceBlockingStub@5a906129
channel: ManagedChannelOrphanWrapper{delegate=ManagedChannelImpl{logId=1, target=localhost:8080}}
stub: edu.cmu.reedsolomonfs.server.MasterServiceGrpc$MasterServiceBlockingStub@f383ce0
channel: ManagedChannelOrphanWrapper{delegate=ManagedChannelImpl{logId=1, target=localhost:8080}}
stub: edu.cmu.reedsolomonfs.server.MasterServiceGrpc$MasterServiceBlockingStub@5ce89465
channel: ManagedChannelOrphanWrapper{delegate=ManagedChannelImpl{logId=1, target=localhost:8080}}
stub: edu.cmu.reedsolomonfs.server.MasterServiceGrpc$MasterServiceBlockingStub@7ef08e6d
channel: ManagedChannelOrphanWrapper{delegate=ManagedChannelImpl{logId=1, target=localhost:8080}}
stub: edu.cmu.reedsolomonfs.server.MasterServiceGrpc$MasterServiceBlockingStub@61190f70
channel: ManagedChannelOrphanWrapper{delegate=ManagedChannelImpl{logId=1, target=localhost:8080}}
stub: edu.cmu.reedsolomonfs.server.MasterServiceGrpc$MasterServiceBlockingStub@4837d5e1
channel: ManagedChannelOrphanWrapper{delegate=ManagedChannelImpl{logId=1, target=localhost:8080}}
stub: edu.cmu.reedsolomonfs.server.MasterServiceGrpc$MasterServiceBlockingStub@71284394
channel: ManagedChannelOrphanWrapper{delegate=ManagedChannelImpl{logId=1, target=localhost:8080}}
stub: edu.cmu.reedsolomonfs.server.MasterServiceGrpc$MasterServiceBlockingStub@6805d036
channel: ManagedChannelOrphanWrapper{delegate=ManagedChannelImpl{logId=1, target=localhost:8080}}
stub: edu.cmu.reedsolomonfs.server.MasterServiceGrpc$MasterServiceBlockingStub@7f7a5d2b
channel: ManagedChannelOrphanWrapper{delegate=ManagedChannelImpl{logId=1, target=localhost:8080}}
stub: edu.cmu.reedsolomonfs.server.MasterServiceGrpc$MasterServiceBlockingStub@21d947ed
channel: ManagedChannelOrphanWrapper{delegate=ManagedChannelImpl{logId=1, target=localhost:8080}}
stub: edu.cmu.reedsolomonfs.server.MasterServiceGrpc$MasterServiceBlockingStub@19421f67
channel: ManagedChannelOrphanWrapper{delegate=ManagedChannelImpl{logId=1, target=localhost:8080}}
stub: edu.cmu.reedsolomonfs.server.MasterServiceGrpc$MasterServiceBlockingStub@b9f0101
channel: ManagedChannelOrphanWrapper{delegate=ManagedChannelImpl{logId=1, target=localhost:8080}}
stub: edu.cmu.reedsolomonfs.server.MasterServiceGrpc$MasterServiceBlockingStub@62a89b68
channel: ManagedChannelOrphanWrapper{delegate=ManagedChannelImpl{logId=1, target=localhost:8080}}
stub: edu.cmu.reedsolomonfs.server.MasterServiceGrpc$MasterServiceBlockingStub@63227cf2
channel: ManagedChannelOrphanWrapper{delegate=ManagedChannelImpl{logId=1, target=localhost:8080}}
stub: edu.cmu.reedsolomonfs.server.MasterServiceGrpc$MasterServiceBlockingStub@3dbf8ce4
channel: ManagedChannelOrphanWrapper{delegate=ManagedChannelImpl{logId=1, target=localhost:8080}}
stub: edu.cmu.reedsolomonfs.server.MasterServiceGrpc$MasterServiceBlockingStub@19cbd462
channel: ManagedChannelOrphanWrapper{delegate=ManagedChannelImpl{logId=1, target=localhost:8080}}
stub: edu.cmu.reedsolomonfs.server.MasterServiceGrpc$MasterServiceBlockingStub@49756988
channel: ManagedChannelOrphanWrapper{delegate=ManagedChannelImpl{logId=1, target=localhost:8080}}
stub: edu.cmu.reedsolomonfs.server.MasterServiceGrpc$MasterServiceBlockingStub@1008381c
channel: ManagedChannelOrphanWrapper{delegate=ManagedChannelImpl{logId=1, target=localhost:8080}}
stub: edu.cmu.reedsolomonfs.server.MasterServiceGrpc$MasterServiceBlockingStub@425c93b
channel: ManagedChannelOrphanWrapper{delegate=ManagedChannelImpl{logId=1, target=localhost:8080}}
stub: edu.cmu.reedsolomonfs.server.MasterServiceGrpc$MasterServiceBlockingStub@1ad52ac8
channel: ManagedChannelOrphanWrapper{delegate=ManagedChannelImpl{logId=1, target=localhost:8080}}
stub: edu.cmu.reedsolomonfs.server.MasterServiceGrpc$MasterServiceBlockingStub@35cdd7df
channel: ManagedChannelOrphanWrapper{delegate=ManagedChannelImpl{logId=1, target=localhost:8080}}
stub: edu.cmu.reedsolomonfs.server.MasterServiceGrpc$MasterServiceBlockingStub@12aeca4f
channel: ManagedChannelOrphanWrapper{delegate=ManagedChannelImpl{logId=1, target=localhost:8080}}
stub: edu.cmu.reedsolomonfs.server.MasterServiceGrpc$MasterServiceBlockingStub@2462859
channel: ManagedChannelOrphanWrapper{delegate=ManagedChannelImpl{logId=1, target=localhost:8080}}
stub: edu.cmu.reedsolomonfs.server.MasterServiceGrpc$MasterServiceBlockingStub@2813a0f1
channel: ManagedChannelOrphanWrapper{delegate=ManagedChannelImpl{logId=1, target=localhost:8080}}
stub: edu.cmu.reedsolomonfs.server.MasterServiceGrpc$MasterServiceBlockingStub@52991d1
channel: ManagedChannelOrphanWrapper{delegate=ManagedChannelImpl{logId=1, target=localhost:8080}}
stub: edu.cmu.reedsolomonfs.server.MasterServiceGrpc$MasterServiceBlockingStub@4666ae1d
channel: ManagedChannelOrphanWrapper{delegate=ManagedChannelImpl{logId=1, target=localhost:8080}}
stub: edu.cmu.reedsolomonfs.server.MasterServiceGrpc$MasterServiceBlockingStub@f552288
channel: ManagedChannelOrphanWrapper{delegate=ManagedChannelImpl{logId=1, target=localhost:8080}}
stub: edu.cmu.reedsolomonfs.server.MasterServiceGrpc$MasterServiceBlockingStub@2e3fad48
channel: ManagedChannelOrphanWrapper{delegate=ManagedChannelImpl{logId=1, target=localhost:8080}}
stub: edu.cmu.reedsolomonfs.server.MasterServiceGrpc$MasterServiceBlockingStub@119809c2
channel: ManagedChannelOrphanWrapper{delegate=ManagedChannelImpl{logId=1, target=localhost:8080}}
stub: edu.cmu.reedsolomonfs.server.MasterServiceGrpc$MasterServiceBlockingStub@c985a7d
channel: ManagedChannelOrphanWrapper{delegate=ManagedChannelImpl{logId=1, target=localhost:8080}}
stub: edu.cmu.reedsolomonfs.server.MasterServiceGrpc$MasterServiceBlockingStub@4e31bccc
channel: ManagedChannelOrphanWrapper{delegate=ManagedChannelImpl{logId=1, target=localhost:8080}}
stub: edu.cmu.reedsolomonfs.server.MasterServiceGrpc$MasterServiceBlockingStub@2bcbb03e
channel: ManagedChannelOrphanWrapper{delegate=ManagedChannelImpl{logId=1, target=localhost:8080}}
stub: edu.cmu.reedsolomonfs.server.MasterServiceGrpc$MasterServiceBlockingStub@350dcf6c
channel: ManagedChannelOrphanWrapper{delegate=ManagedChannelImpl{logId=1, target=localhost:8080}}
stub: edu.cmu.reedsolomonfs.server.MasterServiceGrpc$MasterServiceBlockingStub@60bf1745
channel: ManagedChannelOrphanWrapper{delegate=ManagedChannelImpl{logId=1, target=localhost:8080}}
stub: edu.cmu.reedsolomonfs.server.MasterServiceGrpc$MasterServiceBlockingStub@6f67f191
channel: ManagedChannelOrphanWrapper{delegate=ManagedChannelImpl{logId=1, target=localhost:8080}}
stub: edu.cmu.reedsolomonfs.server.MasterServiceGrpc$MasterServiceBlockingStub@31590698
channel: ManagedChannelOrphanWrapper{delegate=ManagedChannelImpl{logId=1, target=localhost:8080}}
stub: edu.cmu.reedsolomonfs.server.MasterServiceGrpc$MasterServiceBlockingStub@162f5e30
channel: ManagedChannelOrphanWrapper{delegate=ManagedChannelImpl{logId=1, target=localhost:8080}}
stub: edu.cmu.reedsolomonfs.server.MasterServiceGrpc$MasterServiceBlockingStub@17eec4de
channel: ManagedChannelOrphanWrapper{delegate=ManagedChannelImpl{logId=1, target=localhost:8080}}
stub: edu.cmu.reedsolomonfs.server.MasterServiceGrpc$MasterServiceBlockingStub@273afd3a
channel: ManagedChannelOrphanWrapper{delegate=ManagedChannelImpl{logId=1, target=localhost:8080}}
stub: edu.cmu.reedsolomonfs.server.MasterServiceGrpc$MasterServiceBlockingStub@43135d28
channel: ManagedChannelOrphanWrapper{delegate=ManagedChannelImpl{logId=1, target=localhost:8080}}
stub: edu.cmu.reedsolomonfs.server.MasterServiceGrpc$MasterServiceBlockingStub@140566f4
channel: ManagedChannelOrphanWrapper{delegate=ManagedChannelImpl{logId=1, target=localhost:8080}}
stub: edu.cmu.reedsolomonfs.server.MasterServiceGrpc$MasterServiceBlockingStub@33338f07
channel: ManagedChannelOrphanWrapper{delegate=ManagedChannelImpl{logId=1, target=localhost:8080}}
stub: edu.cmu.reedsolomonfs.server.MasterServiceGrpc$MasterServiceBlockingStub@5b305b31
channel: ManagedChannelOrphanWrapper{delegate=ManagedChannelImpl{logId=1, target=localhost:8080}}
stub: edu.cmu.reedsolomonfs.server.MasterServiceGrpc$MasterServiceBlockingStub@24f31a01
channel: ManagedChannelOrphanWrapper{delegate=ManagedChannelImpl{logId=1, target=localhost:8080}}
stub: edu.cmu.reedsolomonfs.server.MasterServiceGrpc$MasterServiceBlockingStub@5fb3a3a2
channel: ManagedChannelOrphanWrapper{delegate=ManagedChannelImpl{logId=1, target=localhost:8080}}
stub: edu.cmu.reedsolomonfs.server.MasterServiceGrpc$MasterServiceBlockingStub@27cc51ec
channel: ManagedChannelOrphanWrapper{delegate=ManagedChannelImpl{logId=1, target=localhost:8080}}
stub: edu.cmu.reedsolomonfs.server.MasterServiceGrpc$MasterServiceBlockingStub@20e7dabc
channel: ManagedChannelOrphanWrapper{delegate=ManagedChannelImpl{logId=1, target=localhost:8080}}
stub: edu.cmu.reedsolomonfs.server.MasterServiceGrpc$MasterServiceBlockingStub@6c53d094
channel: ManagedChannelOrphanWrapper{delegate=ManagedChannelImpl{logId=1, target=localhost:8080}}
stub: edu.cmu.reedsolomonfs.server.MasterServiceGrpc$MasterServiceBlockingStub@2985fd51
channel: ManagedChannelOrphanWrapper{delegate=ManagedChannelImpl{logId=1, target=localhost:8080}}
stub: edu.cmu.reedsolomonfs.server.MasterServiceGrpc$MasterServiceBlockingStub@61b39f90
channel: ManagedChannelOrphanWrapper{delegate=ManagedChannelImpl{logId=1, target=localhost:8080}}
stub: edu.cmu.reedsolomonfs.server.MasterServiceGrpc$MasterServiceBlockingStub@119cb7de
channel: ManagedChannelOrphanWrapper{delegate=ManagedChannelImpl{logId=1, target=localhost:8080}}
stub: edu.cmu.reedsolomonfs.server.MasterServiceGrpc$MasterServiceBlockingStub@18e721f0
channel: ManagedChannelOrphanWrapper{delegate=ManagedChannelImpl{logId=1, target=localhost:8080}}
stub: edu.cmu.reedsolomonfs.server.MasterServiceGrpc$MasterServiceBlockingStub@739f97fa
channel: ManagedChannelOrphanWrapper{delegate=ManagedChannelImpl{logId=1, target=localhost:8080}}
stub: edu.cmu.reedsolomonfs.server.MasterServiceGrpc$MasterServiceBlockingStub@3a48dfe1
channel: ManagedChannelOrphanWrapper{delegate=ManagedChannelImpl{logId=1, target=localhost:8080}}
stub: edu.cmu.reedsolomonfs.server.MasterServiceGrpc$MasterServiceBlockingStub@34f45e3c
channel: ManagedChannelOrphanWrapper{delegate=ManagedChannelImpl{logId=1, target=localhost:8080}}
stub: edu.cmu.reedsolomonfs.server.MasterServiceGrpc$MasterServiceBlockingStub@e7e4804
channel: ManagedChannelOrphanWrapper{delegate=ManagedChannelImpl{logId=1, target=localhost:8080}}
stub: edu.cmu.reedsolomonfs.server.MasterServiceGrpc$MasterServiceBlockingStub@2cc6c2cc
channel: ManagedChannelOrphanWrapper{delegate=ManagedChannelImpl{logId=1, target=localhost:8080}}
stub: edu.cmu.reedsolomonfs.server.MasterServiceGrpc$MasterServiceBlockingStub@322c2d30
channel: ManagedChannelOrphanWrapper{delegate=ManagedChannelImpl{logId=1, target=localhost:8080}}
stub: edu.cmu.reedsolomonfs.server.MasterServiceGrpc$MasterServiceBlockingStub@1da467b0
channel: ManagedChannelOrphanWrapper{delegate=ManagedChannelImpl{logId=1, target=localhost:8080}}
stub: edu.cmu.reedsolomonfs.server.MasterServiceGrpc$MasterServiceBlockingStub@743a4cdb
channel: ManagedChannelOrphanWrapper{delegate=ManagedChannelImpl{logId=1, target=localhost:8080}}
stub: edu.cmu.reedsolomonfs.server.MasterServiceGrpc$MasterServiceBlockingStub@71a0f750
channel: ManagedChannelOrphanWrapper{delegate=ManagedChannelImpl{logId=1, target=localhost:8080}}
stub: edu.cmu.reedsolomonfs.server.MasterServiceGrpc$MasterServiceBlockingStub@6db00ea5
channel: ManagedChannelOrphanWrapper{delegate=ManagedChannelImpl{logId=1, target=localhost:8080}}
stub: edu.cmu.reedsolomonfs.server.MasterServiceGrpc$MasterServiceBlockingStub@484d9f49
channel: ManagedChannelOrphanWrapper{delegate=ManagedChannelImpl{logId=1, target=localhost:8080}}
stub: edu.cmu.reedsolomonfs.server.MasterServiceGrpc$MasterServiceBlockingStub@a568701
channel: ManagedChannelOrphanWrapper{delegate=ManagedChannelImpl{logId=1, target=localhost:8080}}
stub: edu.cmu.reedsolomonfs.server.MasterServiceGrpc$MasterServiceBlockingStub@7d79cf8c
channel: ManagedChannelOrphanWrapper{delegate=ManagedChannelImpl{logId=1, target=localhost:8080}}
stub: edu.cmu.reedsolomonfs.server.MasterServiceGrpc$MasterServiceBlockingStub@6054fce6
channel: ManagedChannelOrphanWrapper{delegate=ManagedChannelImpl{logId=1, target=localhost:8080}}
stub: edu.cmu.reedsolomonfs.server.MasterServiceGrpc$MasterServiceBlockingStub@432f5321
channel: ManagedChannelOrphanWrapper{delegate=ManagedChannelImpl{logId=1, target=localhost:8080}}
stub: edu.cmu.reedsolomonfs.server.MasterServiceGrpc$MasterServiceBlockingStub@793489ff
channel: ManagedChannelOrphanWrapper{delegate=ManagedChannelImpl{logId=1, target=localhost:8080}}
stub: edu.cmu.reedsolomonfs.server.MasterServiceGrpc$MasterServiceBlockingStub@2d9010d7
channel: ManagedChannelOrphanWrapper{delegate=ManagedChannelImpl{logId=1, target=localhost:8080}}
stub: edu.cmu.reedsolomonfs.server.MasterServiceGrpc$MasterServiceBlockingStub@44654e5
channel: ManagedChannelOrphanWrapper{delegate=ManagedChannelImpl{logId=1, target=localhost:8080}}
stub: edu.cmu.reedsolomonfs.server.MasterServiceGrpc$MasterServiceBlockingStub@5ea97afe
channel: ManagedChannelOrphanWrapper{delegate=ManagedChannelImpl{logId=1, target=localhost:8080}}
stub: edu.cmu.reedsolomonfs.server.MasterServiceGrpc$MasterServiceBlockingStub@60a3227f
channel: ManagedChannelOrphanWrapper{delegate=ManagedChannelImpl{logId=1, target=localhost:8080}}
stub: edu.cmu.reedsolomonfs.server.MasterServiceGrpc$MasterServiceBlockingStub@696c83ea
channel: ManagedChannelOrphanWrapper{delegate=ManagedChannelImpl{logId=1, target=localhost:8080}}
stub: edu.cmu.reedsolomonfs.server.MasterServiceGrpc$MasterServiceBlockingStub@2cd67cb1
channel: ManagedChannelOrphanWrapper{delegate=ManagedChannelImpl{logId=1, target=localhost:8080}}
stub: edu.cmu.reedsolomonfs.server.MasterServiceGrpc$MasterServiceBlockingStub@4facd43c
channel: ManagedChannelOrphanWrapper{delegate=ManagedChannelImpl{logId=1, target=localhost:8080}}
stub: edu.cmu.reedsolomonfs.server.MasterServiceGrpc$MasterServiceBlockingStub@207ce421
channel: ManagedChannelOrphanWrapper{delegate=ManagedChannelImpl{logId=1, target=localhost:8080}}
stub: edu.cmu.reedsolomonfs.server.MasterServiceGrpc$MasterServiceBlockingStub@579b3586
channel: ManagedChannelOrphanWrapper{delegate=ManagedChannelImpl{logId=1, target=localhost:8080}}
stub: edu.cmu.reedsolomonfs.server.MasterServiceGrpc$MasterServiceBlockingStub@610a2a49
channel: ManagedChannelOrphanWrapper{delegate=ManagedChannelImpl{logId=1, target=localhost:8080}}
stub: edu.cmu.reedsolomonfs.server.MasterServiceGrpc$MasterServiceBlockingStub@57031d3b
channel: ManagedChannelOrphanWrapper{delegate=ManagedChannelImpl{logId=1, target=localhost:8080}}
stub: edu.cmu.reedsolomonfs.server.MasterServiceGrpc$MasterServiceBlockingStub@3ee254bb
channel: ManagedChannelOrphanWrapper{delegate=ManagedChannelImpl{logId=1, target=localhost:8080}}
stub: edu.cmu.reedsolomonfs.server.MasterServiceGrpc$MasterServiceBlockingStub@186fae80
channel: ManagedChannelOrphanWrapper{delegate=ManagedChannelImpl{logId=1, target=localhost:8080}}
stub: edu.cmu.reedsolomonfs.server.MasterServiceGrpc$MasterServiceBlockingStub@5b6a610d
channel: ManagedChannelOrphanWrapper{delegate=ManagedChannelImpl{logId=1, target=localhost:8080}}
stub: edu.cmu.reedsolomonfs.server.MasterServiceGrpc$MasterServiceBlockingStub@3c72506e
channel: ManagedChannelOrphanWrapper{delegate=ManagedChannelImpl{logId=1, target=localhost:8080}}
stub: edu.cmu.reedsolomonfs.server.MasterServiceGrpc$MasterServiceBlockingStub@171bffd4
channel: ManagedChannelOrphanWrapper{delegate=ManagedChannelImpl{logId=1, target=localhost:8080}}
stub: edu.cmu.reedsolomonfs.server.MasterServiceGrpc$MasterServiceBlockingStub@17a7387d
channel: ManagedChannelOrphanWrapper{delegate=ManagedChannelImpl{logId=1, target=localhost:8080}}
stub: edu.cmu.reedsolomonfs.server.MasterServiceGrpc$MasterServiceBlockingStub@79005b21
channel: ManagedChannelOrphanWrapper{delegate=ManagedChannelImpl{logId=1, target=localhost:8080}}
stub: edu.cmu.reedsolomonfs.server.MasterServiceGrpc$MasterServiceBlockingStub@31502518
channel: ManagedChannelOrphanWrapper{delegate=ManagedChannelImpl{logId=1, target=localhost:8080}}
stub: edu.cmu.reedsolomonfs.server.MasterServiceGrpc$MasterServiceBlockingStub@4d77637a
channel: ManagedChannelOrphanWrapper{delegate=ManagedChannelImpl{logId=1, target=localhost:8080}}
stub: edu.cmu.reedsolomonfs.server.MasterServiceGrpc$MasterServiceBlockingStub@3bdc6e1
channel: ManagedChannelOrphanWrapper{delegate=ManagedChannelImpl{logId=1, target=localhost:8080}}
stub: edu.cmu.reedsolomonfs.server.MasterServiceGrpc$MasterServiceBlockingStub@12d5e2bf
channel: ManagedChannelOrphanWrapper{delegate=ManagedChannelImpl{logId=1, target=localhost:8080}}
stub: edu.cmu.reedsolomonfs.server.MasterServiceGrpc$MasterServiceBlockingStub@58a8277b
channel: ManagedChannelOrphanWrapper{delegate=ManagedChannelImpl{logId=1, target=localhost:8080}}
stub: edu.cmu.reedsolomonfs.server.MasterServiceGrpc$MasterServiceBlockingStub@2c26121f
channel: ManagedChannelOrphanWrapper{delegate=ManagedChannelImpl{logId=1, target=localhost:8080}}
stub: edu.cmu.reedsolomonfs.server.MasterServiceGrpc$MasterServiceBlockingStub@2c2fb492
channel: ManagedChannelOrphanWrapper{delegate=ManagedChannelImpl{logId=1, target=localhost:8080}}
stub: edu.cmu.reedsolomonfs.server.MasterServiceGrpc$MasterServiceBlockingStub@34f65bad
channel: ManagedChannelOrphanWrapper{delegate=ManagedChannelImpl{logId=1, target=localhost:8080}}
stub: edu.cmu.reedsolomonfs.server.MasterServiceGrpc$MasterServiceBlockingStub@24c35e76
channel: ManagedChannelOrphanWrapper{delegate=ManagedChannelImpl{logId=1, target=localhost:8080}}
stub: edu.cmu.reedsolomonfs.server.MasterServiceGrpc$MasterServiceBlockingStub@15f1a156
channel: ManagedChannelOrphanWrapper{delegate=ManagedChannelImpl{logId=1, target=localhost:8080}}
stub: edu.cmu.reedsolomonfs.server.MasterServiceGrpc$MasterServiceBlockingStub@7ea09b01
channel: ManagedChannelOrphanWrapper{delegate=ManagedChannelImpl{logId=1, target=localhost:8080}}
stub: edu.cmu.reedsolomonfs.server.MasterServiceGrpc$MasterServiceBlockingStub@5f81dd05
channel: ManagedChannelOrphanWrapper{delegate=ManagedChannelImpl{logId=1, target=localhost:8080}}
stub: edu.cmu.reedsolomonfs.server.MasterServiceGrpc$MasterServiceBlockingStub@521a01d6
channel: ManagedChannelOrphanWrapper{delegate=ManagedChannelImpl{logId=1, target=localhost:8080}}
stub: edu.cmu.reedsolomonfs.server.MasterServiceGrpc$MasterServiceBlockingStub@2c29991e
channel: ManagedChannelOrphanWrapper{delegate=ManagedChannelImpl{logId=1, target=localhost:8080}}
stub: edu.cmu.reedsolomonfs.server.MasterServiceGrpc$MasterServiceBlockingStub@311cca46
channel: ManagedChannelOrphanWrapper{delegate=ManagedChannelImpl{logId=1, target=localhost:8080}}
stub: edu.cmu.reedsolomonfs.server.MasterServiceGrpc$MasterServiceBlockingStub@33691330
channel: ManagedChannelOrphanWrapper{delegate=ManagedChannelImpl{logId=1, target=localhost:8080}}
stub: edu.cmu.reedsolomonfs.server.MasterServiceGrpc$MasterServiceBlockingStub@ea58a84
channel: ManagedChannelOrphanWrapper{delegate=ManagedChannelImpl{logId=1, target=localhost:8080}}
stub: edu.cmu.reedsolomonfs.server.MasterServiceGrpc$MasterServiceBlockingStub@798e6dad
channel: ManagedChannelOrphanWrapper{delegate=ManagedChannelImpl{logId=1, target=localhost:8080}}
stub: edu.cmu.reedsolomonfs.server.MasterServiceGrpc$MasterServiceBlockingStub@4897c032
channel: ManagedChannelOrphanWrapper{delegate=ManagedChannelImpl{logId=1, target=localhost:8080}}
stub: edu.cmu.reedsolomonfs.server.MasterServiceGrpc$MasterServiceBlockingStub@1c5c97e6
channel: ManagedChannelOrphanWrapper{delegate=ManagedChannelImpl{logId=1, target=localhost:8080}}
stub: edu.cmu.reedsolomonfs.server.MasterServiceGrpc$MasterServiceBlockingStub@4937fdac
channel: ManagedChannelOrphanWrapper{delegate=ManagedChannelImpl{logId=1, target=localhost:8080}}
stub: edu.cmu.reedsolomonfs.server.MasterServiceGrpc$MasterServiceBlockingStub@920651f
channel: ManagedChannelOrphanWrapper{delegate=ManagedChannelImpl{logId=1, target=localhost:8080}}
stub: edu.cmu.reedsolomonfs.server.MasterServiceGrpc$MasterServiceBlockingStub@53049d15
channel: ManagedChannelOrphanWrapper{delegate=ManagedChannelImpl{logId=1, target=localhost:8080}}
stub: edu.cmu.reedsolomonfs.server.MasterServiceGrpc$MasterServiceBlockingStub@7b345c29
channel: ManagedChannelOrphanWrapper{delegate=ManagedChannelImpl{logId=1, target=localhost:8080}}
stub: edu.cmu.reedsolomonfs.server.MasterServiceGrpc$MasterServiceBlockingStub@418a4bad
channel: ManagedChannelOrphanWrapper{delegate=ManagedChannelImpl{logId=1, target=localhost:8080}}
stub: edu.cmu.reedsolomonfs.server.MasterServiceGrpc$MasterServiceBlockingStub@30805882
channel: ManagedChannelOrphanWrapper{delegate=ManagedChannelImpl{logId=1, target=localhost:8080}}
stub: edu.cmu.reedsolomonfs.server.MasterServiceGrpc$MasterServiceBlockingStub@37b03ae3
channel: ManagedChannelOrphanWrapper{delegate=ManagedChannelImpl{logId=1, target=localhost:8080}}
stub: edu.cmu.reedsolomonfs.server.MasterServiceGrpc$MasterServiceBlockingStub@5147604b
channel: ManagedChannelOrphanWrapper{delegate=ManagedChannelImpl{logId=1, target=localhost:8080}}
stub: edu.cmu.reedsolomonfs.server.MasterServiceGrpc$MasterServiceBlockingStub@7763626c
channel: ManagedChannelOrphanWrapper{delegate=ManagedChannelImpl{logId=1, target=localhost:8080}}
stub: edu.cmu.reedsolomonfs.server.MasterServiceGrpc$MasterServiceBlockingStub@98b74ed
channel: ManagedChannelOrphanWrapper{delegate=ManagedChannelImpl{logId=1, target=localhost:8080}}
stub: edu.cmu.reedsolomonfs.server.MasterServiceGrpc$MasterServiceBlockingStub@59affbc6
channel: ManagedChannelOrphanWrapper{delegate=ManagedChannelImpl{logId=1, target=localhost:8080}}
stub: edu.cmu.reedsolomonfs.server.MasterServiceGrpc$MasterServiceBlockingStub@5245f2
channel: ManagedChannelOrphanWrapper{delegate=ManagedChannelImpl{logId=1, target=localhost:8080}}
stub: edu.cmu.reedsolomonfs.server.MasterServiceGrpc$MasterServiceBlockingStub@4670ae54
channel: ManagedChannelOrphanWrapper{delegate=ManagedChannelImpl{logId=1, target=localhost:8080}}
stub: edu.cmu.reedsolomonfs.server.MasterServiceGrpc$MasterServiceBlockingStub@71c6f604
channel: ManagedChannelOrphanWrapper{delegate=ManagedChannelImpl{logId=1, target=localhost:8080}}
stub: edu.cmu.reedsolomonfs.server.MasterServiceGrpc$MasterServiceBlockingStub@225d1470
channel: ManagedChannelOrphanWrapper{delegate=ManagedChannelImpl{logId=1, target=localhost:8080}}
stub: edu.cmu.reedsolomonfs.server.MasterServiceGrpc$MasterServiceBlockingStub@7867f585
channel: ManagedChannelOrphanWrapper{delegate=ManagedChannelImpl{logId=1, target=localhost:8080}}
stub: edu.cmu.reedsolomonfs.server.MasterServiceGrpc$MasterServiceBlockingStub@70594dea
channel: ManagedChannelOrphanWrapper{delegate=ManagedChannelImpl{logId=1, target=localhost:8080}}
stub: edu.cmu.reedsolomonfs.server.MasterServiceGrpc$MasterServiceBlockingStub@22814d71
channel: ManagedChannelOrphanWrapper{delegate=ManagedChannelImpl{logId=1, target=localhost:8080}}
stub: edu.cmu.reedsolomonfs.server.MasterServiceGrpc$MasterServiceBlockingStub@43db3ad3
channel: ManagedChannelOrphanWrapper{delegate=ManagedChannelImpl{logId=1, target=localhost:8080}}
stub: edu.cmu.reedsolomonfs.server.MasterServiceGrpc$MasterServiceBlockingStub@5d7b191a
channel: ManagedChannelOrphanWrapper{delegate=ManagedChannelImpl{logId=1, target=localhost:8080}}
stub: edu.cmu.reedsolomonfs.server.MasterServiceGrpc$MasterServiceBlockingStub@72920e25
channel: ManagedChannelOrphanWrapper{delegate=ManagedChannelImpl{logId=1, target=localhost:8080}}
stub: edu.cmu.reedsolomonfs.server.MasterServiceGrpc$MasterServiceBlockingStub@40e17888
channel: ManagedChannelOrphanWrapper{delegate=ManagedChannelImpl{logId=1, target=localhost:8080}}
stub: edu.cmu.reedsolomonfs.server.MasterServiceGrpc$MasterServiceBlockingStub@4ebeb47
channel: ManagedChannelOrphanWrapper{delegate=ManagedChannelImpl{logId=1, target=localhost:8080}}
stub: edu.cmu.reedsolomonfs.server.MasterServiceGrpc$MasterServiceBlockingStub@36a4858a
channel: ManagedChannelOrphanWrapper{delegate=ManagedChannelImpl{logId=1, target=localhost:8080}}
stub: edu.cmu.reedsolomonfs.server.MasterServiceGrpc$MasterServiceBlockingStub@149f4d22
channel: ManagedChannelOrphanWrapper{delegate=ManagedChannelImpl{logId=1, target=localhost:8080}}
stub: edu.cmu.reedsolomonfs.server.MasterServiceGrpc$MasterServiceBlockingStub@526c1975
channel: ManagedChannelOrphanWrapper{delegate=ManagedChannelImpl{logId=1, target=localhost:8080}}
stub: edu.cmu.reedsolomonfs.server.MasterServiceGrpc$MasterServiceBlockingStub@75ea4392
channel: ManagedChannelOrphanWrapper{delegate=ManagedChannelImpl{logId=1, target=localhost:8080}}
stub: edu.cmu.reedsolomonfs.server.MasterServiceGrpc$MasterServiceBlockingStub@ab6bbab
channel: ManagedChannelOrphanWrapper{delegate=ManagedChannelImpl{logId=1, target=localhost:8080}}
stub: edu.cmu.reedsolomonfs.server.MasterServiceGrpc$MasterServiceBlockingStub@49dd28c9
channel: ManagedChannelOrphanWrapper{delegate=ManagedChannelImpl{logId=1, target=localhost:8080}}
stub: edu.cmu.reedsolomonfs.server.MasterServiceGrpc$MasterServiceBlockingStub@26761249
channel: ManagedChannelOrphanWrapper{delegate=ManagedChannelImpl{logId=1, target=localhost:8080}}
stub: edu.cmu.reedsolomonfs.server.MasterServiceGrpc$MasterServiceBlockingStub@4850c2a8
channel: ManagedChannelOrphanWrapper{delegate=ManagedChannelImpl{logId=1, target=localhost:8080}}
stub: edu.cmu.reedsolomonfs.server.MasterServiceGrpc$MasterServiceBlockingStub@1873127f
channel: ManagedChannelOrphanWrapper{delegate=ManagedChannelImpl{logId=1, target=localhost:8080}}
stub: edu.cmu.reedsolomonfs.server.MasterServiceGrpc$MasterServiceBlockingStub@56268b1e
channel: ManagedChannelOrphanWrapper{delegate=ManagedChannelImpl{logId=1, target=localhost:8080}}
stub: edu.cmu.reedsolomonfs.server.MasterServiceGrpc$MasterServiceBlockingStub@89e6f27
channel: ManagedChannelOrphanWrapper{delegate=ManagedChannelImpl{logId=1, target=localhost:8080}}
stub: edu.cmu.reedsolomonfs.server.MasterServiceGrpc$MasterServiceBlockingStub@28eeff35
channel: ManagedChannelOrphanWrapper{delegate=ManagedChannelImpl{logId=1, target=localhost:8080}}
stub: edu.cmu.reedsolomonfs.server.MasterServiceGrpc$MasterServiceBlockingStub@428a2e92
channel: ManagedChannelOrphanWrapper{delegate=ManagedChannelImpl{logId=1, target=localhost:8080}}
stub: edu.cmu.reedsolomonfs.server.MasterServiceGrpc$MasterServiceBlockingStub@6d1d1000
channel: ManagedChannelOrphanWrapper{delegate=ManagedChannelImpl{logId=1, target=localhost:8080}}
stub: edu.cmu.reedsolomonfs.server.MasterServiceGrpc$MasterServiceBlockingStub@36128f43
channel: ManagedChannelOrphanWrapper{delegate=ManagedChannelImpl{logId=1, target=localhost:8080}}
stub: edu.cmu.reedsolomonfs.server.MasterServiceGrpc$MasterServiceBlockingStub@75055c92
channel: ManagedChannelOrphanWrapper{delegate=ManagedChannelImpl{logId=1, target=localhost:8080}}
stub: edu.cmu.reedsolomonfs.server.MasterServiceGrpc$MasterServiceBlockingStub@2e2858b3
channel: ManagedChannelOrphanWrapper{delegate=ManagedChannelImpl{logId=1, target=localhost:8080}}
stub: edu.cmu.reedsolomonfs.server.MasterServiceGrpc$MasterServiceBlockingStub@7f127705
channel: ManagedChannelOrphanWrapper{delegate=ManagedChannelImpl{logId=1, target=localhost:8080}}
stub: edu.cmu.reedsolomonfs.server.MasterServiceGrpc$MasterServiceBlockingStub@68f826ec
channel: ManagedChannelOrphanWrapper{delegate=ManagedChannelImpl{logId=1, target=localhost:8080}}
stub: edu.cmu.reedsolomonfs.server.MasterServiceGrpc$MasterServiceBlockingStub@6f2bc490
channel: ManagedChannelOrphanWrapper{delegate=ManagedChannelImpl{logId=1, target=localhost:8080}}
stub: edu.cmu.reedsolomonfs.server.MasterServiceGrpc$MasterServiceBlockingStub@7913c514
channel: ManagedChannelOrphanWrapper{delegate=ManagedChannelImpl{logId=1, target=localhost:8080}}
stub: edu.cmu.reedsolomonfs.server.MasterServiceGrpc$MasterServiceBlockingStub@748777ed
channel: ManagedChannelOrphanWrapper{delegate=ManagedChannelImpl{logId=1, target=localhost:8080}}
stub: edu.cmu.reedsolomonfs.server.MasterServiceGrpc$MasterServiceBlockingStub@fc7d14
channel: ManagedChannelOrphanWrapper{delegate=ManagedChannelImpl{logId=1, target=localhost:8080}}
stub: edu.cmu.reedsolomonfs.server.MasterServiceGrpc$MasterServiceBlockingStub@5e94acd5
channel: ManagedChannelOrphanWrapper{delegate=ManagedChannelImpl{logId=1, target=localhost:8080}}
stub: edu.cmu.reedsolomonfs.server.MasterServiceGrpc$MasterServiceBlockingStub@3e24d520
channel: ManagedChannelOrphanWrapper{delegate=ManagedChannelImpl{logId=1, target=localhost:8080}}
stub: edu.cmu.reedsolomonfs.server.MasterServiceGrpc$MasterServiceBlockingStub@1a755655
channel: ManagedChannelOrphanWrapper{delegate=ManagedChannelImpl{logId=1, target=localhost:8080}}
stub: edu.cmu.reedsolomonfs.server.MasterServiceGrpc$MasterServiceBlockingStub@38720b34
channel: ManagedChannelOrphanWrapper{delegate=ManagedChannelImpl{logId=1, target=localhost:8080}}
stub: edu.cmu.reedsolomonfs.server.MasterServiceGrpc$MasterServiceBlockingStub@248e3a1d
channel: ManagedChannelOrphanWrapper{delegate=ManagedChannelImpl{logId=1, target=localhost:8080}}
stub: edu.cmu.reedsolomonfs.server.MasterServiceGrpc$MasterServiceBlockingStub@6575d05a
channel: ManagedChannelOrphanWrapper{delegate=ManagedChannelImpl{logId=1, target=localhost:8080}}
stub: edu.cmu.reedsolomonfs.server.MasterServiceGrpc$MasterServiceBlockingStub@553e8458
channel: ManagedChannelOrphanWrapper{delegate=ManagedChannelImpl{logId=1, target=localhost:8080}}
stub: edu.cmu.reedsolomonfs.server.MasterServiceGrpc$MasterServiceBlockingStub@19f099d5
channel: ManagedChannelOrphanWrapper{delegate=ManagedChannelImpl{logId=1, target=localhost:8080}}
stub: edu.cmu.reedsolomonfs.server.MasterServiceGrpc$MasterServiceBlockingStub@117a21d0
channel: ManagedChannelOrphanWrapper{delegate=ManagedChannelImpl{logId=1, target=localhost:8080}}
stub: edu.cmu.reedsolomonfs.server.MasterServiceGrpc$MasterServiceBlockingStub@154dda46
channel: ManagedChannelOrphanWrapper{delegate=ManagedChannelImpl{logId=1, target=localhost:8080}}
stub: edu.cmu.reedsolomonfs.server.MasterServiceGrpc$MasterServiceBlockingStub@66ce0036
channel: ManagedChannelOrphanWrapper{delegate=ManagedChannelImpl{logId=1, target=localhost:8080}}
stub: edu.cmu.reedsolomonfs.server.MasterServiceGrpc$MasterServiceBlockingStub@3e4febe5
channel: ManagedChannelOrphanWrapper{delegate=ManagedChannelImpl{logId=1, target=localhost:8080}}
stub: edu.cmu.reedsolomonfs.server.MasterServiceGrpc$MasterServiceBlockingStub@729a9762
channel: ManagedChannelOrphanWrapper{delegate=ManagedChannelImpl{logId=1, target=localhost:8080}}
stub: edu.cmu.reedsolomonfs.server.MasterServiceGrpc$MasterServiceBlockingStub@dfad221
channel: ManagedChannelOrphanWrapper{delegate=ManagedChannelImpl{logId=1, target=localhost:8080}}
stub: edu.cmu.reedsolomonfs.server.MasterServiceGrpc$MasterServiceBlockingStub@d3c419b
channel: ManagedChannelOrphanWrapper{delegate=ManagedChannelImpl{logId=1, target=localhost:8080}}
stub: edu.cmu.reedsolomonfs.server.MasterServiceGrpc$MasterServiceBlockingStub@28e443f3
channel: ManagedChannelOrphanWrapper{delegate=ManagedChannelImpl{logId=1, target=localhost:8080}}
stub: edu.cmu.reedsolomonfs.server.MasterServiceGrpc$MasterServiceBlockingStub@34562e85
channel: ManagedChannelOrphanWrapper{delegate=ManagedChannelImpl{logId=1, target=localhost:8080}}
stub: edu.cmu.reedsolomonfs.server.MasterServiceGrpc$MasterServiceBlockingStub@11a42c4e
channel: ManagedChannelOrphanWrapper{delegate=ManagedChannelImpl{logId=1, target=localhost:8080}}
stub: edu.cmu.reedsolomonfs.server.MasterServiceGrpc$MasterServiceBlockingStub@6e00573f
channel: ManagedChannelOrphanWrapper{delegate=ManagedChannelImpl{logId=1, target=localhost:8080}}
stub: edu.cmu.reedsolomonfs.server.MasterServiceGrpc$MasterServiceBlockingStub@5e32799d
channel: ManagedChannelOrphanWrapper{delegate=ManagedChannelImpl{logId=1, target=localhost:8080}}
stub: edu.cmu.reedsolomonfs.server.MasterServiceGrpc$MasterServiceBlockingStub@7e1c7b18
channel: ManagedChannelOrphanWrapper{delegate=ManagedChannelImpl{logId=1, target=localhost:8080}}
stub: edu.cmu.reedsolomonfs.server.MasterServiceGrpc$MasterServiceBlockingStub@11ec7c60
channel: ManagedChannelOrphanWrapper{delegate=ManagedChannelImpl{logId=1, target=localhost:8080}}
stub: edu.cmu.reedsolomonfs.server.MasterServiceGrpc$MasterServiceBlockingStub@426f7760
channel: ManagedChannelOrphanWrapper{delegate=ManagedChannelImpl{logId=1, target=localhost:8080}}
stub: edu.cmu.reedsolomonfs.server.MasterServiceGrpc$MasterServiceBlockingStub@2daaee93
channel: ManagedChannelOrphanWrapper{delegate=ManagedChannelImpl{logId=1, target=localhost:8080}}
stub: edu.cmu.reedsolomonfs.server.MasterServiceGrpc$MasterServiceBlockingStub@46e31f83
channel: ManagedChannelOrphanWrapper{delegate=ManagedChannelImpl{logId=1, target=localhost:8080}}
stub: edu.cmu.reedsolomonfs.server.MasterServiceGrpc$MasterServiceBlockingStub@3024d4f
channel: ManagedChannelOrphanWrapper{delegate=ManagedChannelImpl{logId=1, target=localhost:8080}}
stub: edu.cmu.reedsolomonfs.server.MasterServiceGrpc$MasterServiceBlockingStub@318c6f7c
channel: ManagedChannelOrphanWrapper{delegate=ManagedChannelImpl{logId=1, target=localhost:8080}}
stub: edu.cmu.reedsolomonfs.server.MasterServiceGrpc$MasterServiceBlockingStub@7f625289
channel: ManagedChannelOrphanWrapper{delegate=ManagedChannelImpl{logId=1, target=localhost:8080}}
stub: edu.cmu.reedsolomonfs.server.MasterServiceGrpc$MasterServiceBlockingStub@21df17b2
channel: ManagedChannelOrphanWrapper{delegate=ManagedChannelImpl{logId=1, target=localhost:8080}}
stub: edu.cmu.reedsolomonfs.server.MasterServiceGrpc$MasterServiceBlockingStub@2b168d53
channel: ManagedChannelOrphanWrapper{delegate=ManagedChannelImpl{logId=1, target=localhost:8080}}
stub: edu.cmu.reedsolomonfs.server.MasterServiceGrpc$MasterServiceBlockingStub@19858c5a
channel: ManagedChannelOrphanWrapper{delegate=ManagedChannelImpl{logId=1, target=localhost:8080}}
stub: edu.cmu.reedsolomonfs.server.MasterServiceGrpc$MasterServiceBlockingStub@5589c47a
channel: ManagedChannelOrphanWrapper{delegate=ManagedChannelImpl{logId=1, target=localhost:8080}}
stub: edu.cmu.reedsolomonfs.server.MasterServiceGrpc$MasterServiceBlockingStub@193adb44
channel: ManagedChannelOrphanWrapper{delegate=ManagedChannelImpl{logId=1, target=localhost:8080}}
stub: edu.cmu.reedsolomonfs.server.MasterServiceGrpc$MasterServiceBlockingStub@1833f90
channel: ManagedChannelOrphanWrapper{delegate=ManagedChannelImpl{logId=1, target=localhost:8080}}
stub: edu.cmu.reedsolomonfs.server.MasterServiceGrpc$MasterServiceBlockingStub@26a5552
channel: ManagedChannelOrphanWrapper{delegate=ManagedChannelImpl{logId=1, target=localhost:8080}}
stub: edu.cmu.reedsolomonfs.server.MasterServiceGrpc$MasterServiceBlockingStub@5241088e
channel: ManagedChannelOrphanWrapper{delegate=ManagedChannelImpl{logId=1, target=localhost:8080}}
stub: edu.cmu.reedsolomonfs.server.MasterServiceGrpc$MasterServiceBlockingStub@37dbe54a
channel: ManagedChannelOrphanWrapper{delegate=ManagedChannelImpl{logId=1, target=localhost:8080}}
stub: edu.cmu.reedsolomonfs.server.MasterServiceGrpc$MasterServiceBlockingStub@aba0fbd
channel: ManagedChannelOrphanWrapper{delegate=ManagedChannelImpl{logId=1, target=localhost:8080}}
stub: edu.cmu.reedsolomonfs.server.MasterServiceGrpc$MasterServiceBlockingStub@6308e055
channel: ManagedChannelOrphanWrapper{delegate=ManagedChannelImpl{logId=1, target=localhost:8080}}
stub: edu.cmu.reedsolomonfs.server.MasterServiceGrpc$MasterServiceBlockingStub@a7cfd2e
channel: ManagedChannelOrphanWrapper{delegate=ManagedChannelImpl{logId=1, target=localhost:8080}}
stub: edu.cmu.reedsolomonfs.server.MasterServiceGrpc$MasterServiceBlockingStub@ecf3feb
channel: ManagedChannelOrphanWrapper{delegate=ManagedChannelImpl{logId=1, target=localhost:8080}}
stub: edu.cmu.reedsolomonfs.server.MasterServiceGrpc$MasterServiceBlockingStub@7e33b765
channel: ManagedChannelOrphanWrapper{delegate=ManagedChannelImpl{logId=1, target=localhost:8080}}
stub: edu.cmu.reedsolomonfs.server.MasterServiceGrpc$MasterServiceBlockingStub@65183773
channel: ManagedChannelOrphanWrapper{delegate=ManagedChannelImpl{logId=1, target=localhost:8080}}
stub: edu.cmu.reedsolomonfs.server.MasterServiceGrpc$MasterServiceBlockingStub@11dd34db
channel: ManagedChannelOrphanWrapper{delegate=ManagedChannelImpl{logId=1, target=localhost:8080}}
stub: edu.cmu.reedsolomonfs.server.MasterServiceGrpc$MasterServiceBlockingStub@798e391
channel: ManagedChannelOrphanWrapper{delegate=ManagedChannelImpl{logId=1, target=localhost:8080}}
stub: edu.cmu.reedsolomonfs.server.MasterServiceGrpc$MasterServiceBlockingStub@f2122a5
channel: ManagedChannelOrphanWrapper{delegate=ManagedChannelImpl{logId=1, target=localhost:8080}}
stub: edu.cmu.reedsolomonfs.server.MasterServiceGrpc$MasterServiceBlockingStub@556031cb
channel: ManagedChannelOrphanWrapper{delegate=ManagedChannelImpl{logId=1, target=localhost:8080}}
stub: edu.cmu.reedsolomonfs.server.MasterServiceGrpc$MasterServiceBlockingStub@1ce323c5
channel: ManagedChannelOrphanWrapper{delegate=ManagedChannelImpl{logId=1, target=localhost:8080}}
stub: edu.cmu.reedsolomonfs.server.MasterServiceGrpc$MasterServiceBlockingStub@21a71e6f
channel: ManagedChannelOrphanWrapper{delegate=ManagedChannelImpl{logId=1, target=localhost:8080}}
stub: edu.cmu.reedsolomonfs.server.MasterServiceGrpc$MasterServiceBlockingStub@1ada572f
channel: ManagedChannelOrphanWrapper{delegate=ManagedChannelImpl{logId=1, target=localhost:8080}}
stub: edu.cmu.reedsolomonfs.server.MasterServiceGrpc$MasterServiceBlockingStub@1a8583eb
channel: ManagedChannelOrphanWrapper{delegate=ManagedChannelImpl{logId=1, target=localhost:8080}}
stub: edu.cmu.reedsolomonfs.server.MasterServiceGrpc$MasterServiceBlockingStub@aeb316c
channel: ManagedChannelOrphanWrapper{delegate=ManagedChannelImpl{logId=1, target=localhost:8080}}
stub: edu.cmu.reedsolomonfs.server.MasterServiceGrpc$MasterServiceBlockingStub@61036c3a
channel: ManagedChannelOrphanWrapper{delegate=ManagedChannelImpl{logId=1, target=localhost:8080}}
stub: edu.cmu.reedsolomonfs.server.MasterServiceGrpc$MasterServiceBlockingStub@6cc00f99
channel: ManagedChannelOrphanWrapper{delegate=ManagedChannelImpl{logId=1, target=localhost:8080}}
stub: edu.cmu.reedsolomonfs.server.MasterServiceGrpc$MasterServiceBlockingStub@50575378
